2018/06/13 15:28:42 Google drive root 'SMaPP_2017/SMAPP_ALL_MEMBERS/Documentation/Collection_Charts': Waiting for checks to finish
2018/06/13 15:28:43 Google drive root 'SMaPP_2017/SMAPP_ALL_MEMBERS/Documentation/Collection_Charts': Waiting for transfers to finish
2018/06/13 15:28:43 
Transferred:      0 Bytes (0 Bytes/s)
Errors:                 0
Checks:                 1
Transferred:            0
Elapsed time:          2s
2018/06/13 15:28:45 Google drive root 'SMaPP_2017/SMAPP_ALL_MEMBERS/Documentation/Collection_Charts': Waiting for checks to finish
2018/06/13 15:28:45 Google drive root 'SMaPP_2017/SMAPP_ALL_MEMBERS/Documentation/Collection_Charts': Waiting for transfers to finish
2018/06/13 15:28:45 
Transferred:      0 Bytes (0 Bytes/s)
Errors:                 0
Checks:                 1
Transferred:            0
Elapsed time:        1.8s
2018/06/13 15:28:47 Google drive root 'SMaPP_2017/SMAPP_ALL_MEMBERS/Documentation/Collection_Charts': Waiting for checks to finish
2018/06/13 15:28:47 Google drive root 'SMaPP_2017/SMAPP_ALL_MEMBERS/Documentation/Collection_Charts': Waiting for transfers to finish
2018/06/13 15:28:47 
Transferred:      0 Bytes (0 Bytes/s)
Errors:                 0
Checks:                 1
Transferred:            0
Elapsed time:        1.5s
2018/06/13 15:28:49 Google drive root 'SMaPP_2017/SMAPP_ALL_MEMBERS/Documentation/Collection_Charts': Waiting for checks to finish
2018/06/13 15:28:49 Google drive root 'SMaPP_2017/SMAPP_ALL_MEMBERS/Documentation/Collection_Charts': Waiting for transfers to finish
2018/06/13 15:28:49 
Transferred:      0 Bytes (0 Bytes/s)
Errors:                 0
Checks:                 1
Transferred:            0
Elapsed time:        1.9s
2018/06/13 15:28:51 Google drive root 'SMaPP_2017/SMAPP_ALL_MEMBERS/Documentation/Collection_Charts': Waiting for checks to finish
2018/06/13 15:28:52 Google drive root 'SMaPP_2017/SMAPP_ALL_MEMBERS/Documentation/Collection_Charts': Waiting for transfers to finish
2018/06/13 15:28:52 
Transferred:      0 Bytes (0 Bytes/s)
Errors:                 0
Checks:                 1
Transferred:            0
Elapsed time:        1.7s
2018/06/13 15:28:54 Google drive root 'SMaPP_2017/SMAPP_ALL_MEMBERS/Documentation/Collection_Charts': Waiting for checks to finish
2018/06/13 15:28:54 Google drive root 'SMaPP_2017/SMAPP_ALL_MEMBERS/Documentation/Collection_Charts': Waiting for transfers to finish
2018/06/13 15:28:54 
Transferred:      0 Bytes (0 Bytes/s)
Errors:                 0
Checks:                 1
Transferred:            0
Elapsed time:        1.9s
2018/06/13 15:28:56 Google drive root 'SMaPP_2017/SMAPP_ALL_MEMBERS/Documentation/Collection_Charts': Waiting for checks to finish
2018/06/13 15:28:56 Google drive root 'SMaPP_2017/SMAPP_ALL_MEMBERS/Documentation/Collection_Charts': Waiting for transfers to finish
2018/06/13 15:28:56 
Transferred:      0 Bytes (0 Bytes/s)
Errors:                 0
Checks:                 1
Transferred:            0
Elapsed time:        1.6s
2018/06/13 15:28:58 Google drive root 'SMaPP_2017/SMAPP_ALL_MEMBERS/Documentation/Collection_Charts': Waiting for checks to finish
2018/06/13 15:28:59 Google drive root 'SMaPP_2017/SMAPP_ALL_MEMBERS/Documentation/Collection_Charts': Waiting for transfers to finish
2018/06/13 15:28:59 
Transferred:      0 Bytes (0 Bytes/s)
Errors:                 0
Checks:                 1
Transferred:            0
Elapsed time:        1.9s
2018/06/13 15:29:01 Google drive root 'SMaPP_2017/SMAPP_ALL_MEMBERS/Documentation/Collection_Charts': Waiting for checks to finish
2018/06/13 15:29:01 Google drive root 'SMaPP_2017/SMAPP_ALL_MEMBERS/Documentation/Collection_Charts': Waiting for transfers to finish
2018/06/13 15:29:01 
Transferred:      0 Bytes (0 Bytes/s)
Errors:                 0
Checks:                 1
Transferred:            0
Elapsed time:        1.9s
2018/06/13 15:29:03 Google drive root 'SMaPP_2017/SMAPP_ALL_MEMBERS/Documentation/Collection_Charts': Waiting for checks to finish
2018/06/13 15:29:04 Google drive root 'SMaPP_2017/SMAPP_ALL_MEMBERS/Documentation/Collection_Charts': Waiting for transfers to finish
2018/06/13 15:29:04 
Transferred:      0 Bytes (0 Bytes/s)
Errors:                 0
Checks:                 1
Transferred:            0
Elapsed time:          2s
2018/06/13 15:29:06 Google drive root 'SMaPP_2017/SMAPP_ALL_MEMBERS/Documentation/Collection_Charts': Waiting for checks to finish
2018/06/13 15:29:08 Google drive root 'SMaPP_2017/SMAPP_ALL_MEMBERS/Documentation/Collection_Charts': Waiting for transfers to finish
2018/06/13 15:29:08 
Transferred:      0 Bytes (0 Bytes/s)
Errors:                 0
Checks:                 1
Transferred:            0
Elapsed time:        3.4s
2018/06/13 15:29:09 Google drive root 'SMaPP_2017/SMAPP_ALL_MEMBERS/Documentation/Collection_Charts': Waiting for checks to finish
2018/06/13 15:29:10 Google drive root 'SMaPP_2017/SMAPP_ALL_MEMBERS/Documentation/Collection_Charts': Waiting for transfers to finish
2018/06/13 15:29:10 
Transferred:      0 Bytes (0 Bytes/s)
Errors:                 0
Checks:                 1
Transferred:            0
Elapsed time:        1.7s
2018/06/13 15:29:12 Google drive root 'SMaPP_2017/SMAPP_ALL_MEMBERS/Documentation/Collection_Charts': Waiting for checks to finish
2018/06/13 15:29:12 Google drive root 'SMaPP_2017/SMAPP_ALL_MEMBERS/Documentation/Collection_Charts': Waiting for transfers to finish
2018/06/13 15:29:12 
Transferred:      0 Bytes (0 Bytes/s)
Errors:                 0
Checks:                 1
Transferred:            0
Elapsed time:        1.9s
2018/06/13 15:29:14 Google drive root 'SMaPP_2017/SMAPP_ALL_MEMBERS/Documentation/Collection_Charts': Waiting for checks to finish
2018/06/13 15:29:14 Google drive root 'SMaPP_2017/SMAPP_ALL_MEMBERS/Documentation/Collection_Charts': Waiting for transfers to finish
2018/06/13 15:29:14 
Transferred:      0 Bytes (0 Bytes/s)
Errors:                 0
Checks:                 1
Transferred:            0
Elapsed time:        1.6s
2018/06/13 15:29:20 Google drive root 'SMaPP_2017/SMAPP_ALL_MEMBERS/Documentation/Collection_Charts': Waiting for checks to finish
2018/06/13 15:29:21 Google drive root 'SMaPP_2017/SMAPP_ALL_MEMBERS/Documentation/Collection_Charts': Waiting for transfers to finish
2018/06/13 15:29:21 
Transferred:      0 Bytes (0 Bytes/s)
Errors:                 0
Checks:                 1
Transferred:            0
Elapsed time:        5.8s
2018/06/13 15:29:23 Google drive root 'SMaPP_2017/SMAPP_ALL_MEMBERS/Documentation/Collection_Charts': Waiting for checks to finish
2018/06/13 15:29:23 Google drive root 'SMaPP_2017/SMAPP_ALL_MEMBERS/Documentation/Collection_Charts': Waiting for transfers to finish
2018/06/13 15:29:23 
Transferred:      0 Bytes (0 Bytes/s)
Errors:                 0
Checks:                 1
Transferred:            0
Elapsed time:        1.6s
2018/06/13 15:29:25 Google drive root 'SMaPP_2017/SMAPP_ALL_MEMBERS/Documentation/Collection_Charts': Waiting for checks to finish
2018/06/13 15:29:25 Google drive root 'SMaPP_2017/SMAPP_ALL_MEMBERS/Documentation/Collection_Charts': Waiting for transfers to finish
2018/06/13 15:29:25 
Transferred:      0 Bytes (0 Bytes/s)
Errors:                 0
Checks:                 1
Transferred:            0
Elapsed time:          2s
2018/06/13 15:29:32 Google drive root 'SMaPP_2017/SMAPP_ALL_MEMBERS/Documentation/Collection_Charts': Waiting for checks to finish
2018/06/13 15:29:32 Google drive root 'SMaPP_2017/SMAPP_ALL_MEMBERS/Documentation/Collection_Charts': Waiting for transfers to finish
2018/06/13 15:29:32 
Transferred:      0 Bytes (0 Bytes/s)
Errors:                 0
Checks:                 1
Transferred:            0
Elapsed time:        6.3s
2018/06/13 15:29:34 Google drive root 'SMaPP_2017/SMAPP_ALL_MEMBERS/Documentation/Collection_Charts': Waiting for checks to finish
2018/06/13 15:29:35 Google drive root 'SMaPP_2017/SMAPP_ALL_MEMBERS/Documentation/Collection_Charts': Waiting for transfers to finish
2018/06/13 15:29:35 
Transferred:      0 Bytes (0 Bytes/s)
Errors:                 0
Checks:                 1
Transferred:            0
Elapsed time:        1.7s
2018/06/13 15:29:36 Google drive root 'SMaPP_2017/SMAPP_ALL_MEMBERS/Documentation/Collection_Charts': Waiting for checks to finish
2018/06/13 15:29:37 Google drive root 'SMaPP_2017/SMAPP_ALL_MEMBERS/Documentation/Collection_Charts': Waiting for transfers to finish
2018/06/13 15:29:37 
Transferred:      0 Bytes (0 Bytes/s)
Errors:                 0
Checks:                 1
Transferred:            0
Elapsed time:        1.6s
2018/06/13 15:29:39 Google drive root 'SMaPP_2017/SMAPP_ALL_MEMBERS/Documentation/Collection_Charts': Waiting for checks to finish
2018/06/13 15:29:39 Google drive root 'SMaPP_2017/SMAPP_ALL_MEMBERS/Documentation/Collection_Charts': Waiting for transfers to finish
2018/06/13 15:29:39 
Transferred:      0 Bytes (0 Bytes/s)
Errors:                 0
Checks:                 1
Transferred:            0
Elapsed time:        1.8s
2018/06/13 15:29:42 Google drive root 'SMaPP_2017/SMAPP_ALL_MEMBERS/Documentation/Collection_Charts': Waiting for checks to finish
2018/06/13 15:29:43 Google drive root 'SMaPP_2017/SMAPP_ALL_MEMBERS/Documentation/Collection_Charts': Waiting for transfers to finish
2018/06/13 15:29:43 
Transferred:      0 Bytes (0 Bytes/s)
Errors:                 0
Checks:                 1
Transferred:            0
Elapsed time:        3.1s
2018/06/13 15:29:45 Google drive root 'SMaPP_2017/SMAPP_ALL_MEMBERS/Documentation/Collection_Charts': Waiting for checks to finish
2018/06/13 15:29:45 Google drive root 'SMaPP_2017/SMAPP_ALL_MEMBERS/Documentation/Collection_Charts': Waiting for transfers to finish
2018/06/13 15:29:45 
Transferred:      0 Bytes (0 Bytes/s)
Errors:                 0
Checks:                 1
Transferred:            0
Elapsed time:        1.5s
2018/06/13 15:29:47 Google drive root 'SMaPP_2017/SMAPP_ALL_MEMBERS/Documentation/Collection_Charts': Waiting for checks to finish
2018/06/13 15:29:48 Google drive root 'SMaPP_2017/SMAPP_ALL_MEMBERS/Documentation/Collection_Charts': Waiting for transfers to finish
2018/06/13 15:29:48 
Transferred:      0 Bytes (0 Bytes/s)
Errors:                 0
Checks:                 1
Transferred:            0
Elapsed time:        2.1s
2018/06/13 15:29:50 Google drive root 'SMaPP_2017/SMAPP_ALL_MEMBERS/Documentation/Collection_Charts': Waiting for checks to finish
2018/06/13 15:29:50 Google drive root 'SMaPP_2017/SMAPP_ALL_MEMBERS/Documentation/Collection_Charts': Waiting for transfers to finish
2018/06/13 15:29:50 
Transferred:      0 Bytes (0 Bytes/s)
Errors:                 0
Checks:                 1
Transferred:            0
Elapsed time:        1.9s
2018/06/13 15:29:52 Google drive root 'SMaPP_2017/SMAPP_ALL_MEMBERS/Documentation/Collection_Charts': Waiting for checks to finish
2018/06/13 15:29:53 Google drive root 'SMaPP_2017/SMAPP_ALL_MEMBERS/Documentation/Collection_Charts': Waiting for transfers to finish
2018/06/13 15:29:53 
Transferred:      0 Bytes (0 Bytes/s)
Errors:                 0
Checks:                 1
Transferred:            0
Elapsed time:        2.2s
2018/06/13 15:29:55 Google drive root 'SMaPP_2017/SMAPP_ALL_MEMBERS/Documentation/Collection_Charts': Waiting for checks to finish
2018/06/13 15:29:55 Google drive root 'SMaPP_2017/SMAPP_ALL_MEMBERS/Documentation/Collection_Charts': Waiting for transfers to finish
2018/06/13 15:29:55 
Transferred:      0 Bytes (0 Bytes/s)
Errors:                 0
Checks:                 1
Transferred:            0
Elapsed time:        1.8s
2018/06/13 15:30:01 Google drive root 'SMaPP_2017/SMAPP_ALL_MEMBERS/Documentation/Collection_Charts': Waiting for checks to finish
2018/06/13 15:30:01 Google drive root 'SMaPP_2017/SMAPP_ALL_MEMBERS/Documentation/Collection_Charts': Waiting for transfers to finish
2018/06/13 15:30:01 
Transferred:      0 Bytes (0 Bytes/s)
Errors:                 0
Checks:                 1
Transferred:            0
Elapsed time:        5.7s
2018/06/13 15:30:03 Google drive root 'SMaPP_2017/SMAPP_ALL_MEMBERS/Documentation/Collection_Charts': Waiting for checks to finish
2018/06/13 15:30:04 Google drive root 'SMaPP_2017/SMAPP_ALL_MEMBERS/Documentation/Collection_Charts': Waiting for transfers to finish
2018/06/13 15:30:04 
Transferred:      0 Bytes (0 Bytes/s)
Errors:                 0
Checks:                 1
Transferred:            0
Elapsed time:        1.7s
2018/06/13 15:30:14 Google drive root 'SMaPP_2017/SMAPP_ALL_MEMBERS/Documentation/Collection_Charts': Waiting for checks to finish
2018/06/13 15:30:14 Google drive root 'SMaPP_2017/SMAPP_ALL_MEMBERS/Documentation/Collection_Charts': Waiting for transfers to finish
2018/06/13 15:30:14 
Transferred:      0 Bytes (0 Bytes/s)
Errors:                 0
Checks:                 1
Transferred:            0
Elapsed time:        9.8s
2018/06/13 15:30:17 Google drive root 'SMaPP_2017/SMAPP_ALL_MEMBERS/Documentation/Collection_Charts': Waiting for checks to finish
2018/06/13 15:30:20 Google drive root 'SMaPP_2017/SMAPP_ALL_MEMBERS/Documentation/Collection_Charts': Waiting for transfers to finish
2018/06/13 15:30:20 
Transferred:      0 Bytes (0 Bytes/s)
Errors:                 0
Checks:                 1
Transferred:            0
Elapsed time:        5.4s
2018/06/13 15:30:22 Google drive root 'SMaPP_2017/SMAPP_ALL_MEMBERS/Documentation/Collection_Charts': Waiting for checks to finish
2018/06/13 15:30:22 Google drive root 'SMaPP_2017/SMAPP_ALL_MEMBERS/Documentation/Collection_Charts': Waiting for transfers to finish
2018/06/13 15:30:22 
Transferred:      0 Bytes (0 Bytes/s)
Errors:                 0
Checks:                 1
Transferred:            0
Elapsed time:        1.8s
2018/06/13 15:30:27 Google drive root 'SMaPP_2017/SMAPP_ALL_MEMBERS/Documentation/Collection_Charts': Waiting for checks to finish
2018/06/13 15:30:29 Google drive root 'SMaPP_2017/SMAPP_ALL_MEMBERS/Documentation/Collection_Charts': Waiting for transfers to finish
2018/06/13 15:30:29 
Transferred:      0 Bytes (0 Bytes/s)
Errors:                 0
Checks:                 1
Transferred:            0
Elapsed time:        6.3s
2018/06/13 15:30:34 Google drive root 'SMaPP_2017/SMAPP_ALL_MEMBERS/Documentation/Collection_Charts': Waiting for checks to finish
2018/06/13 15:30:34 Google drive root 'SMaPP_2017/SMAPP_ALL_MEMBERS/Documentation/Collection_Charts': Waiting for transfers to finish
2018/06/13 15:30:34 
Transferred:      0 Bytes (0 Bytes/s)
Errors:                 0
Checks:                 1
Transferred:            0
Elapsed time:        4.2s
2018/06/13 15:30:36 Google drive root 'SMaPP_2017/SMAPP_ALL_MEMBERS/Documentation/Collection_Charts': Waiting for checks to finish
2018/06/13 15:30:36 Google drive root 'SMaPP_2017/SMAPP_ALL_MEMBERS/Documentation/Collection_Charts': Waiting for transfers to finish
2018/06/13 15:30:36 
Transferred:      0 Bytes (0 Bytes/s)
Errors:                 0
Checks:                 1
Transferred:            0
Elapsed time:        1.8s
2018/06/13 15:30:39 Google drive root 'SMaPP_2017/SMAPP_ALL_MEMBERS/Documentation/Collection_Charts': Waiting for checks to finish
2018/06/13 15:30:39 Google drive root 'SMaPP_2017/SMAPP_ALL_MEMBERS/Documentation/Collection_Charts': Waiting for transfers to finish
2018/06/13 15:30:39 
Transferred:      0 Bytes (0 Bytes/s)
Errors:                 0
Checks:                 1
Transferred:            0
Elapsed time:        2.2s
2018/06/13 15:30:41 Google drive root 'SMaPP_2017/SMAPP_ALL_MEMBERS/Documentation/Collection_Charts': Waiting for checks to finish
2018/06/13 15:30:41 Google drive root 'SMaPP_2017/SMAPP_ALL_MEMBERS/Documentation/Collection_Charts': Waiting for transfers to finish
2018/06/13 15:30:41 
Transferred:      0 Bytes (0 Bytes/s)
Errors:                 0
Checks:                 1
Transferred:            0
Elapsed time:        1.9s
2018/06/13 15:30:43 Google drive root 'SMaPP_2017/SMAPP_ALL_MEMBERS/Documentation/Collection_Charts': Waiting for checks to finish
2018/06/13 15:30:44 Google drive root 'SMaPP_2017/SMAPP_ALL_MEMBERS/Documentation/Collection_Charts': Waiting for transfers to finish
2018/06/13 15:30:44 
Transferred:      0 Bytes (0 Bytes/s)
Errors:                 0
Checks:                 1
Transferred:            0
Elapsed time:        1.7s
2018/06/13 15:30:48 Google drive root 'SMaPP_2017/SMAPP_ALL_MEMBERS/Documentation/Collection_Charts': Waiting for checks to finish
2018/06/13 15:30:50 Google drive root 'SMaPP_2017/SMAPP_ALL_MEMBERS/Documentation/Collection_Charts': Waiting for transfers to finish
2018/06/13 15:30:50 
Transferred:      0 Bytes (0 Bytes/s)
Errors:                 0
Checks:                 1
Transferred:            0
Elapsed time:          6s
2018/06/13 15:30:53 Google drive root 'SMaPP_2017/SMAPP_ALL_MEMBERS/Documentation/Collection_Charts': Waiting for checks to finish
2018/06/13 15:30:53 Google drive root 'SMaPP_2017/SMAPP_ALL_MEMBERS/Documentation/Collection_Charts': Waiting for transfers to finish
2018/06/13 15:30:53 
Transferred:      0 Bytes (0 Bytes/s)
Errors:                 0
Checks:                 1
Transferred:            0
Elapsed time:        2.7s
2018/06/13 15:30:55 Google drive root 'SMaPP_2017/SMAPP_ALL_MEMBERS/Documentation/Collection_Charts': Waiting for checks to finish
2018/06/13 15:30:56 Google drive root 'SMaPP_2017/SMAPP_ALL_MEMBERS/Documentation/Collection_Charts': Waiting for transfers to finish
2018/06/13 15:30:56 
Transferred:      0 Bytes (0 Bytes/s)
Errors:                 0
Checks:                 1
Transferred:            0
Elapsed time:        1.8s
2018/06/13 15:31:03 Google drive root 'SMaPP_2017/SMAPP_ALL_MEMBERS/Documentation/Collection_Charts': Waiting for checks to finish
2018/06/13 15:31:04 Google drive root 'SMaPP_2017/SMAPP_ALL_MEMBERS/Documentation/Collection_Charts': Waiting for transfers to finish
2018/06/13 15:31:04 
Transferred:      0 Bytes (0 Bytes/s)
Errors:                 0
Checks:                 1
Transferred:            0
Elapsed time:        7.6s
2018/06/13 15:31:10 Google drive root 'SMaPP_2017/SMAPP_ALL_MEMBERS/Documentation/Collection_Charts': Waiting for checks to finish
2018/06/13 15:31:10 Google drive root 'SMaPP_2017/SMAPP_ALL_MEMBERS/Documentation/Collection_Charts': Waiting for transfers to finish
2018/06/13 15:31:10 
Transferred:      0 Bytes (0 Bytes/s)
Errors:                 0
Checks:                 1
Transferred:            0
Elapsed time:        5.7s
2018/06/13 15:31:12 Google drive root 'SMaPP_2017/SMAPP_ALL_MEMBERS/Documentation/Collection_Charts': Waiting for checks to finish
2018/06/13 15:31:12 Google drive root 'SMaPP_2017/SMAPP_ALL_MEMBERS/Documentation/Collection_Charts': Waiting for transfers to finish
2018/06/13 15:31:12 
Transferred:      0 Bytes (0 Bytes/s)
Errors:                 0
Checks:                 1
Transferred:            0
Elapsed time:        1.8s
2018/06/13 15:31:14 Google drive root 'SMaPP_2017/SMAPP_ALL_MEMBERS/Documentation/Collection_Charts': Waiting for checks to finish
2018/06/13 15:31:15 Google drive root 'SMaPP_2017/SMAPP_ALL_MEMBERS/Documentation/Collection_Charts': Waiting for transfers to finish
2018/06/13 15:31:15 
Transferred:      0 Bytes (0 Bytes/s)
Errors:                 0
Checks:                 1
Transferred:            0
Elapsed time:        1.7s
2018/06/13 15:31:20 Google drive root 'SMaPP_2017/SMAPP_ALL_MEMBERS/Documentation/Collection_Charts': Waiting for checks to finish
2018/06/13 15:31:21 Google drive root 'SMaPP_2017/SMAPP_ALL_MEMBERS/Documentation/Collection_Charts': Waiting for transfers to finish
2018/06/13 15:31:21 
Transferred:      0 Bytes (0 Bytes/s)
Errors:                 0
Checks:                 1
Transferred:            0
Elapsed time:        5.5s
2018/06/13 15:31:22 Google drive root 'SMaPP_2017/SMAPP_ALL_MEMBERS/Documentation/Collection_Charts': Waiting for checks to finish
2018/06/13 15:31:23 Google drive root 'SMaPP_2017/SMAPP_ALL_MEMBERS/Documentation/Collection_Charts': Waiting for transfers to finish
2018/06/13 15:31:23 
Transferred:      0 Bytes (0 Bytes/s)
Errors:                 0
Checks:                 1
Transferred:            0
Elapsed time:        1.6s
2018/06/13 15:31:25 Google drive root 'SMaPP_2017/SMAPP_ALL_MEMBERS/Documentation/Collection_Charts': Waiting for checks to finish
2018/06/13 15:31:25 Google drive root 'SMaPP_2017/SMAPP_ALL_MEMBERS/Documentation/Collection_Charts': Waiting for transfers to finish
2018/06/13 15:31:25 
Transferred:      0 Bytes (0 Bytes/s)
Errors:                 0
Checks:                 1
Transferred:            0
Elapsed time:        1.9s
2018/06/13 15:31:33 Google drive root 'SMaPP_2017/SMAPP_ALL_MEMBERS/Documentation/Collection_Charts': Waiting for checks to finish
2018/06/13 15:31:33 Google drive root 'SMaPP_2017/SMAPP_ALL_MEMBERS/Documentation/Collection_Charts': Waiting for transfers to finish
2018/06/13 15:31:33 
Transferred:      0 Bytes (0 Bytes/s)
Errors:                 0
Checks:                 1
Transferred:            0
Elapsed time:        7.6s
2018/06/13 15:31:35 Google drive root 'SMaPP_2017/SMAPP_ALL_MEMBERS/Documentation/Collection_Charts': Waiting for checks to finish
2018/06/13 15:31:36 Google drive root 'SMaPP_2017/SMAPP_ALL_MEMBERS/Documentation/Collection_Charts': Waiting for transfers to finish
2018/06/13 15:31:36 
Transferred:      0 Bytes (0 Bytes/s)
Errors:                 0
Checks:                 1
Transferred:            0
Elapsed time:        1.8s
2018/06/13 15:31:41 Google drive root 'SMaPP_2017/SMAPP_ALL_MEMBERS/Documentation/Collection_Charts': Waiting for checks to finish
2018/06/13 15:31:42 Google drive root 'SMaPP_2017/SMAPP_ALL_MEMBERS/Documentation/Collection_Charts': Waiting for transfers to finish
2018/06/13 15:31:42 
Transferred:      0 Bytes (0 Bytes/s)
Errors:                 0
Checks:                 1
Transferred:            0
Elapsed time:        5.5s
2018/06/13 15:31:43 Google drive root 'SMaPP_2017/SMAPP_ALL_MEMBERS/Documentation/Collection_Charts': Waiting for checks to finish
2018/06/13 15:31:44 Google drive root 'SMaPP_2017/SMAPP_ALL_MEMBERS/Documentation/Collection_Charts': Waiting for transfers to finish
2018/06/13 15:31:44 
Transferred:      0 Bytes (0 Bytes/s)
Errors:                 0
Checks:                 1
Transferred:            0
Elapsed time:        1.7s
2018/06/13 15:31:54 Google drive root 'SMaPP_2017/SMAPP_ALL_MEMBERS/Documentation/Collection_Charts': Waiting for checks to finish
2018/06/13 15:31:54 Google drive root 'SMaPP_2017/SMAPP_ALL_MEMBERS/Documentation/Collection_Charts': Waiting for transfers to finish
2018/06/13 15:31:54 
Transferred:      0 Bytes (0 Bytes/s)
Errors:                 0
Checks:                 1
Transferred:            0
Elapsed time:        9.8s
2018/06/13 15:31:56 Google drive root 'SMaPP_2017/SMAPP_ALL_MEMBERS/Documentation/Collection_Charts': Waiting for checks to finish
2018/06/13 15:31:56 Google drive root 'SMaPP_2017/SMAPP_ALL_MEMBERS/Documentation/Collection_Charts': Waiting for transfers to finish
2018/06/13 15:31:56 
Transferred:      0 Bytes (0 Bytes/s)
Errors:                 0
Checks:                 1
Transferred:            0
Elapsed time:        1.5s
2018/06/13 15:31:58 Google drive root 'SMaPP_2017/SMAPP_ALL_MEMBERS/Documentation/Collection_Charts': Waiting for checks to finish
2018/06/13 15:31:59 Google drive root 'SMaPP_2017/SMAPP_ALL_MEMBERS/Documentation/Collection_Charts': Waiting for transfers to finish
2018/06/13 15:31:59 
Transferred:      0 Bytes (0 Bytes/s)
Errors:                 0
Checks:                 1
Transferred:            0
Elapsed time:        1.7s
2018/06/13 15:32:01 Google drive root 'SMaPP_2017/SMAPP_ALL_MEMBERS/Documentation/Collection_Charts': Waiting for checks to finish
2018/06/13 15:32:01 Google drive root 'SMaPP_2017/SMAPP_ALL_MEMBERS/Documentation/Collection_Charts': Waiting for transfers to finish
2018/06/13 15:32:01 
Transferred:      0 Bytes (0 Bytes/s)
Errors:                 0
Checks:                 1
Transferred:            0
Elapsed time:        1.8s
2018/06/13 15:32:03 Google drive root 'SMaPP_2017/SMAPP_ALL_MEMBERS/Documentation/Collection_Charts': Waiting for checks to finish
2018/06/13 15:32:03 Google drive root 'SMaPP_2017/SMAPP_ALL_MEMBERS/Documentation/Collection_Charts': Waiting for transfers to finish
2018/06/13 15:32:03 
Transferred:      0 Bytes (0 Bytes/s)
Errors:                 0
Checks:                 1
Transferred:            0
Elapsed time:        1.8s
2018/06/13 15:32:09 Google drive root 'SMaPP_2017/SMAPP_ALL_MEMBERS/Documentation/Collection_Charts': Waiting for checks to finish
2018/06/13 15:32:09 Google drive root 'SMaPP_2017/SMAPP_ALL_MEMBERS/Documentation/Collection_Charts': Waiting for transfers to finish
2018/06/13 15:32:09 
Transferred:      0 Bytes (0 Bytes/s)
Errors:                 0
Checks:                 1
Transferred:            0
Elapsed time:        5.4s
/home/nhb228/anaconda3/lib/python3.6/site-packages/matplotlib/pyplot.py:524: RuntimeWarning: More than 20 figures have been opened. Figures created through the pyplot interface (`matplotlib.pyplot.figure`) are retained until explicitly closed and may consume too much memory. (To control this warning, see the rcParam `figure.max_open_warning`).
  max_open_warning, RuntimeWarning)
/home/nhb228/smapprepos/smapputil/py/olympus_metadata/daily_collection_charts/weekly_collection_charts.py:201: RuntimeWarning: invalid value encountered in double_scalars
  yaxis = np.arange(file_min, file_max + yaxis_counter, yaxis_counter )
Traceback (most recent call last):
  File "/home/nhb228/smapprepos/smapputil/py/olympus_metadata/daily_collection_charts/weekly_collection_charts.py", line 324, in <module>
    main()
  File "/home/nhb228/smapprepos/smapputil/py/olympus_metadata/daily_collection_charts/weekly_collection_charts.py", line 316, in main
    get_all_time(df, logger)
  File "/home/nhb228/smapprepos/smapputil/py/olympus_metadata/daily_collection_charts/weekly_collection_charts.py", line 201, in get_all_time
    yaxis = np.arange(file_min, file_max + yaxis_counter, yaxis_counter )
ValueError: arange: cannot compute length
