2018/03/19 11:57:37 Google drive root 'SMaPP_2017/SMAPP_ALL_MEMBERS/Documentation/Collection_Charts': Waiting for checks to finish
2018/03/19 11:57:38 Google drive root 'SMaPP_2017/SMAPP_ALL_MEMBERS/Documentation/Collection_Charts': Waiting for transfers to finish
2018/03/19 11:57:38 
Transferred:      0 Bytes (0 Bytes/s)
Errors:                 0
Checks:                 1
Transferred:            0
Elapsed time:       19.9s
2018/03/19 11:57:40 Google drive root 'SMaPP_2017/SMAPP_ALL_MEMBERS/Documentation/Collection_Charts': Waiting for checks to finish
2018/03/19 11:57:40 Google drive root 'SMaPP_2017/SMAPP_ALL_MEMBERS/Documentation/Collection_Charts': Waiting for transfers to finish
2018/03/19 11:57:40 
Transferred:      0 Bytes (0 Bytes/s)
Errors:                 0
Checks:                 1
Transferred:            0
Elapsed time:        2.2s
2018/03/19 11:57:42 Google drive root 'SMaPP_2017/SMAPP_ALL_MEMBERS/Documentation/Collection_Charts': Waiting for checks to finish
2018/03/19 11:57:42 Google drive root 'SMaPP_2017/SMAPP_ALL_MEMBERS/Documentation/Collection_Charts': Waiting for transfers to finish
2018/03/19 11:57:42 
Transferred:      0 Bytes (0 Bytes/s)
Errors:                 0
Checks:                 1
Transferred:            0
Elapsed time:        1.7s
2018/03/19 11:57:44 Google drive root 'SMaPP_2017/SMAPP_ALL_MEMBERS/Documentation/Collection_Charts': Waiting for checks to finish
2018/03/19 11:57:45 Google drive root 'SMaPP_2017/SMAPP_ALL_MEMBERS/Documentation/Collection_Charts': Waiting for transfers to finish
2018/03/19 11:57:45 
Transferred:      0 Bytes (0 Bytes/s)
Errors:                 0
Checks:                 1
Transferred:            0
Elapsed time:        1.9s
2018/03/19 11:57:47 Google drive root 'SMaPP_2017/SMAPP_ALL_MEMBERS/Documentation/Collection_Charts': Waiting for checks to finish
2018/03/19 11:57:47 Google drive root 'SMaPP_2017/SMAPP_ALL_MEMBERS/Documentation/Collection_Charts': Waiting for transfers to finish
2018/03/19 11:57:47 
Transferred:      0 Bytes (0 Bytes/s)
Errors:                 0
Checks:                 1
Transferred:            0
Elapsed time:        2.1s
2018/03/19 11:57:58 Google drive root 'SMaPP_2017/SMAPP_ALL_MEMBERS/Documentation/Collection_Charts': Waiting for checks to finish
2018/03/19 11:57:58 Google drive root 'SMaPP_2017/SMAPP_ALL_MEMBERS/Documentation/Collection_Charts': Waiting for transfers to finish
2018/03/19 11:57:58 
Transferred:      0 Bytes (0 Bytes/s)
Errors:                 0
Checks:                 1
Transferred:            0
Elapsed time:       10.1s
2018/03/19 11:58:00 Google drive root 'SMaPP_2017/SMAPP_ALL_MEMBERS/Documentation/Collection_Charts': Waiting for checks to finish
2018/03/19 11:58:01 Google drive root 'SMaPP_2017/SMAPP_ALL_MEMBERS/Documentation/Collection_Charts': Waiting for transfers to finish
2018/03/19 11:58:01 
Transferred:      0 Bytes (0 Bytes/s)
Errors:                 0
Checks:                 1
Transferred:            0
Elapsed time:        1.9s
2018/03/19 11:58:04 Google drive root 'SMaPP_2017/SMAPP_ALL_MEMBERS/Documentation/Collection_Charts': Waiting for checks to finish
2018/03/19 11:58:06 Google drive root 'SMaPP_2017/SMAPP_ALL_MEMBERS/Documentation/Collection_Charts': Waiting for transfers to finish
2018/03/19 11:58:06 
Transferred:      0 Bytes (0 Bytes/s)
Errors:                 0
Checks:                 1
Transferred:            0
Elapsed time:        5.3s
2018/03/19 11:58:08 Google drive root 'SMaPP_2017/SMAPP_ALL_MEMBERS/Documentation/Collection_Charts': Waiting for checks to finish
2018/03/19 11:58:09 Google drive root 'SMaPP_2017/SMAPP_ALL_MEMBERS/Documentation/Collection_Charts': Waiting for transfers to finish
2018/03/19 11:58:09 
Transferred:      0 Bytes (0 Bytes/s)
Errors:                 0
Checks:                 1
Transferred:            0
Elapsed time:        1.7s
2018/03/19 11:58:19 Google drive root 'SMaPP_2017/SMAPP_ALL_MEMBERS/Documentation/Collection_Charts': Waiting for checks to finish
2018/03/19 11:58:19 Google drive root 'SMaPP_2017/SMAPP_ALL_MEMBERS/Documentation/Collection_Charts': Waiting for transfers to finish
2018/03/19 11:58:19 
Transferred:      0 Bytes (0 Bytes/s)
Errors:                 0
Checks:                 1
Transferred:            0
Elapsed time:        9.9s
2018/03/19 11:58:21 Google drive root 'SMaPP_2017/SMAPP_ALL_MEMBERS/Documentation/Collection_Charts': Waiting for checks to finish
2018/03/19 11:58:21 Google drive root 'SMaPP_2017/SMAPP_ALL_MEMBERS/Documentation/Collection_Charts': Waiting for transfers to finish
2018/03/19 11:58:21 
Transferred:      0 Bytes (0 Bytes/s)
Errors:                 0
Checks:                 1
Transferred:            0
Elapsed time:        1.4s
2018/03/19 11:58:23 Google drive root 'SMaPP_2017/SMAPP_ALL_MEMBERS/Documentation/Collection_Charts': Waiting for checks to finish
2018/03/19 11:58:24 Google drive root 'SMaPP_2017/SMAPP_ALL_MEMBERS/Documentation/Collection_Charts': Waiting for transfers to finish
2018/03/19 11:58:24 
Transferred:      0 Bytes (0 Bytes/s)
Errors:                 0
Checks:                 1
Transferred:            0
Elapsed time:        2.2s
2018/03/19 11:58:26 Google drive root 'SMaPP_2017/SMAPP_ALL_MEMBERS/Documentation/Collection_Charts': Waiting for checks to finish
2018/03/19 11:58:26 Google drive root 'SMaPP_2017/SMAPP_ALL_MEMBERS/Documentation/Collection_Charts': Waiting for transfers to finish
2018/03/19 11:58:26 
Transferred:      0 Bytes (0 Bytes/s)
Errors:                 0
Checks:                 1
Transferred:            0
Elapsed time:          2s
2018/03/19 11:58:29 Google drive root 'SMaPP_2017/SMAPP_ALL_MEMBERS/Documentation/Collection_Charts': Waiting for checks to finish
2018/03/19 11:58:29 Google drive root 'SMaPP_2017/SMAPP_ALL_MEMBERS/Documentation/Collection_Charts': Waiting for transfers to finish
2018/03/19 11:58:29 
Transferred:      0 Bytes (0 Bytes/s)
Errors:                 0
Checks:                 1
Transferred:            0
Elapsed time:          2s
2018/03/19 11:58:41 Google drive root 'SMaPP_2017/SMAPP_ALL_MEMBERS/Documentation/Collection_Charts': Waiting for checks to finish
2018/03/19 11:58:42 Google drive root 'SMaPP_2017/SMAPP_ALL_MEMBERS/Documentation/Collection_Charts': Waiting for transfers to finish
2018/03/19 11:58:42 
Transferred:      0 Bytes (0 Bytes/s)
Errors:                 0
Checks:                 1
Transferred:            0
Elapsed time:       12.2s
2018/03/19 11:58:47 Google drive root 'SMaPP_2017/SMAPP_ALL_MEMBERS/Documentation/Collection_Charts': Waiting for checks to finish
2018/03/19 11:58:48 Google drive root 'SMaPP_2017/SMAPP_ALL_MEMBERS/Documentation/Collection_Charts': Waiting for transfers to finish
2018/03/19 11:58:48 
Transferred:      0 Bytes (0 Bytes/s)
Errors:                 0
Checks:                 1
Transferred:            0
Elapsed time:        5.5s
2018/03/19 11:58:58 Google drive root 'SMaPP_2017/SMAPP_ALL_MEMBERS/Documentation/Collection_Charts': Waiting for checks to finish
2018/03/19 11:58:58 Google drive root 'SMaPP_2017/SMAPP_ALL_MEMBERS/Documentation/Collection_Charts': Waiting for transfers to finish
2018/03/19 11:58:58 
Transferred:      0 Bytes (0 Bytes/s)
Errors:                 0
Checks:                 1
Transferred:            0
Elapsed time:       10.1s
2018/03/19 11:59:01 Google drive root 'SMaPP_2017/SMAPP_ALL_MEMBERS/Documentation/Collection_Charts': Waiting for checks to finish
2018/03/19 11:59:01 Google drive root 'SMaPP_2017/SMAPP_ALL_MEMBERS/Documentation/Collection_Charts': Waiting for transfers to finish
2018/03/19 11:59:01 
Transferred:      0 Bytes (0 Bytes/s)
Errors:                 0
Checks:                 1
Transferred:            0
Elapsed time:        2.2s
2018/03/19 11:59:04 Google drive root 'SMaPP_2017/SMAPP_ALL_MEMBERS/Documentation/Collection_Charts': Waiting for checks to finish
2018/03/19 11:59:04 Google drive root 'SMaPP_2017/SMAPP_ALL_MEMBERS/Documentation/Collection_Charts': Waiting for transfers to finish
2018/03/19 11:59:04 
Transferred:      0 Bytes (0 Bytes/s)
Errors:                 0
Checks:                 1
Transferred:            0
Elapsed time:        2.6s
2018/03/19 11:59:06 Google drive root 'SMaPP_2017/SMAPP_ALL_MEMBERS/Documentation/Collection_Charts': Waiting for checks to finish
2018/03/19 11:59:07 Google drive root 'SMaPP_2017/SMAPP_ALL_MEMBERS/Documentation/Collection_Charts': Waiting for transfers to finish
2018/03/19 11:59:07 
Transferred:      0 Bytes (0 Bytes/s)
Errors:                 0
Checks:                 1
Transferred:            0
Elapsed time:        1.7s
2018/03/19 11:59:08 Google drive root 'SMaPP_2017/SMAPP_ALL_MEMBERS/Documentation/Collection_Charts': Waiting for checks to finish
2018/03/19 11:59:09 Google drive root 'SMaPP_2017/SMAPP_ALL_MEMBERS/Documentation/Collection_Charts': Waiting for transfers to finish
2018/03/19 11:59:09 
Transferred:      0 Bytes (0 Bytes/s)
Errors:                 0
Checks:                 1
Transferred:            0
Elapsed time:        1.8s
2018/03/19 11:59:19 Google drive root 'SMaPP_2017/SMAPP_ALL_MEMBERS/Documentation/Collection_Charts': Waiting for checks to finish
2018/03/19 11:59:19 Google drive root 'SMaPP_2017/SMAPP_ALL_MEMBERS/Documentation/Collection_Charts': Waiting for transfers to finish
2018/03/19 11:59:19 
Transferred:      0 Bytes (0 Bytes/s)
Errors:                 0
Checks:                 1
Transferred:            0
Elapsed time:        9.9s
2018/03/19 11:59:21 Google drive root 'SMaPP_2017/SMAPP_ALL_MEMBERS/Documentation/Collection_Charts': Waiting for checks to finish
2018/03/19 11:59:22 Google drive root 'SMaPP_2017/SMAPP_ALL_MEMBERS/Documentation/Collection_Charts': Waiting for transfers to finish
2018/03/19 11:59:22 
Transferred:      0 Bytes (0 Bytes/s)
Errors:                 0
Checks:                 1
Transferred:            0
Elapsed time:          2s
2018/03/19 11:59:29 Google drive root 'SMaPP_2017/SMAPP_ALL_MEMBERS/Documentation/Collection_Charts': Waiting for checks to finish
2018/03/19 11:59:29 Google drive root 'SMaPP_2017/SMAPP_ALL_MEMBERS/Documentation/Collection_Charts': Waiting for transfers to finish
2018/03/19 11:59:29 
Transferred:      0 Bytes (0 Bytes/s)
Errors:                 0
Checks:                 1
Transferred:            0
Elapsed time:        6.4s
2018/03/19 11:59:39 Google drive root 'SMaPP_2017/SMAPP_ALL_MEMBERS/Documentation/Collection_Charts': Waiting for checks to finish
2018/03/19 11:59:39 Google drive root 'SMaPP_2017/SMAPP_ALL_MEMBERS/Documentation/Collection_Charts': Waiting for transfers to finish
2018/03/19 11:59:39 
Transferred:      0 Bytes (0 Bytes/s)
Errors:                 0
Checks:                 1
Transferred:            0
Elapsed time:        9.6s
2018/03/19 11:59:41 Google drive root 'SMaPP_2017/SMAPP_ALL_MEMBERS/Documentation/Collection_Charts': Waiting for checks to finish
2018/03/19 11:59:42 Google drive root 'SMaPP_2017/SMAPP_ALL_MEMBERS/Documentation/Collection_Charts': Waiting for transfers to finish
2018/03/19 11:59:42 
Transferred:      0 Bytes (0 Bytes/s)
Errors:                 0
Checks:                 1
Transferred:            0
Elapsed time:        2.1s
2018/03/19 11:59:44 Google drive root 'SMaPP_2017/SMAPP_ALL_MEMBERS/Documentation/Collection_Charts': Waiting for checks to finish
2018/03/19 11:59:44 Google drive root 'SMaPP_2017/SMAPP_ALL_MEMBERS/Documentation/Collection_Charts': Waiting for transfers to finish
2018/03/19 11:59:44 
Transferred:      0 Bytes (0 Bytes/s)
Errors:                 0
Checks:                 1
Transferred:            0
Elapsed time:        1.9s
2018/03/19 11:59:46 Google drive root 'SMaPP_2017/SMAPP_ALL_MEMBERS/Documentation/Collection_Charts': Waiting for checks to finish
2018/03/19 11:59:46 Google drive root 'SMaPP_2017/SMAPP_ALL_MEMBERS/Documentation/Collection_Charts': Waiting for transfers to finish
2018/03/19 11:59:46 
Transferred:      0 Bytes (0 Bytes/s)
Errors:                 0
Checks:                 1
Transferred:            0
Elapsed time:        1.7s
2018/03/19 11:59:48 Google drive root 'SMaPP_2017/SMAPP_ALL_MEMBERS/Documentation/Collection_Charts': Waiting for checks to finish
2018/03/19 11:59:49 Google drive root 'SMaPP_2017/SMAPP_ALL_MEMBERS/Documentation/Collection_Charts': Waiting for transfers to finish
2018/03/19 11:59:49 
Transferred:      0 Bytes (0 Bytes/s)
Errors:                 0
Checks:                 1
Transferred:            0
Elapsed time:        2.2s
2018/03/19 12:00:00 Google drive root 'SMaPP_2017/SMAPP_ALL_MEMBERS/Documentation/Collection_Charts': Waiting for checks to finish
2018/03/19 12:00:00 Google drive root 'SMaPP_2017/SMAPP_ALL_MEMBERS/Documentation/Collection_Charts': Waiting for transfers to finish
2018/03/19 12:00:00 
Transferred:      0 Bytes (0 Bytes/s)
Errors:                 0
Checks:                 1
Transferred:            0
Elapsed time:       10.5s
2018/03/19 12:00:02 Google drive root 'SMaPP_2017/SMAPP_ALL_MEMBERS/Documentation/Collection_Charts': Waiting for checks to finish
2018/03/19 12:00:03 Google drive root 'SMaPP_2017/SMAPP_ALL_MEMBERS/Documentation/Collection_Charts': Waiting for transfers to finish
2018/03/19 12:00:03 
Transferred:      0 Bytes (0 Bytes/s)
Errors:                 0
Checks:                 1
Transferred:            0
Elapsed time:          2s
2018/03/19 12:00:04 Google drive root 'SMaPP_2017/SMAPP_ALL_MEMBERS/Documentation/Collection_Charts': Waiting for checks to finish
2018/03/19 12:00:05 Google drive root 'SMaPP_2017/SMAPP_ALL_MEMBERS/Documentation/Collection_Charts': Waiting for transfers to finish
2018/03/19 12:00:05 
Transferred:      0 Bytes (0 Bytes/s)
Errors:                 0
Checks:                 1
Transferred:            0
Elapsed time:        1.6s
2018/03/19 12:00:07 Google drive root 'SMaPP_2017/SMAPP_ALL_MEMBERS/Documentation/Collection_Charts': Waiting for checks to finish
2018/03/19 12:00:08 Google drive root 'SMaPP_2017/SMAPP_ALL_MEMBERS/Documentation/Collection_Charts': Waiting for transfers to finish
2018/03/19 12:00:08 
Transferred:      0 Bytes (0 Bytes/s)
Errors:                 0
Checks:                 1
Transferred:            0
Elapsed time:        2.1s
2018/03/19 12:00:26 Google drive root 'SMaPP_2017/SMAPP_ALL_MEMBERS/Documentation/Collection_Charts': Waiting for checks to finish
2018/03/19 12:00:26 Google drive root 'SMaPP_2017/SMAPP_ALL_MEMBERS/Documentation/Collection_Charts': Waiting for transfers to finish
2018/03/19 12:00:26 
Transferred:      0 Bytes (0 Bytes/s)
Errors:                 0
Checks:                 1
Transferred:            0
Elapsed time:       18.3s
2018/03/19 12:00:45 Google drive root 'SMaPP_2017/SMAPP_ALL_MEMBERS/Documentation/Collection_Charts': Waiting for checks to finish
2018/03/19 12:00:45 Google drive root 'SMaPP_2017/SMAPP_ALL_MEMBERS/Documentation/Collection_Charts': Waiting for transfers to finish
2018/03/19 12:00:45 
Transferred:      0 Bytes (0 Bytes/s)
Errors:                 0
Checks:                 1
Transferred:            0
Elapsed time:       18.2s
2018/03/19 12:00:56 Google drive root 'SMaPP_2017/SMAPP_ALL_MEMBERS/Documentation/Collection_Charts': Waiting for checks to finish
2018/03/19 12:01:05 Google drive root 'SMaPP_2017/SMAPP_ALL_MEMBERS/Documentation/Collection_Charts': Waiting for transfers to finish
2018/03/19 12:01:05 
Transferred:      0 Bytes (0 Bytes/s)
Errors:                 0
Checks:                 1
Transferred:            0
Elapsed time:       18.9s
2018/03/19 12:01:08 Google drive root 'SMaPP_2017/SMAPP_ALL_MEMBERS/Documentation/Collection_Charts': Waiting for checks to finish
2018/03/19 12:01:08 Google drive root 'SMaPP_2017/SMAPP_ALL_MEMBERS/Documentation/Collection_Charts': Waiting for transfers to finish
2018/03/19 12:01:08 
Transferred:      0 Bytes (0 Bytes/s)
Errors:                 0
Checks:                 1
Transferred:            0
Elapsed time:        2.8s
2018/03/19 12:01:18 Google drive root 'SMaPP_2017/SMAPP_ALL_MEMBERS/Documentation/Collection_Charts': Waiting for checks to finish
2018/03/19 12:01:18 Google drive root 'SMaPP_2017/SMAPP_ALL_MEMBERS/Documentation/Collection_Charts': Waiting for transfers to finish
2018/03/19 12:01:18 
Transferred:      0 Bytes (0 Bytes/s)
Errors:                 0
Checks:                 1
Transferred:            0
Elapsed time:        9.6s
2018/03/19 12:01:20 Google drive root 'SMaPP_2017/SMAPP_ALL_MEMBERS/Documentation/Collection_Charts': Waiting for checks to finish
2018/03/19 12:01:21 Google drive root 'SMaPP_2017/SMAPP_ALL_MEMBERS/Documentation/Collection_Charts': Waiting for transfers to finish
2018/03/19 12:01:21 
Transferred:      0 Bytes (0 Bytes/s)
Errors:                 0
Checks:                 1
Transferred:            0
Elapsed time:        1.8s
2018/03/19 12:01:27 Google drive root 'SMaPP_2017/SMAPP_ALL_MEMBERS/Documentation/Collection_Charts': Waiting for checks to finish
2018/03/19 12:01:27 Google drive root 'SMaPP_2017/SMAPP_ALL_MEMBERS/Documentation/Collection_Charts': Waiting for transfers to finish
2018/03/19 12:01:27 
Transferred:      0 Bytes (0 Bytes/s)
Errors:                 0
Checks:                 1
Transferred:            0
Elapsed time:        5.6s
2018/03/19 12:01:39 Google drive root 'SMaPP_2017/SMAPP_ALL_MEMBERS/Documentation/Collection_Charts': Waiting for checks to finish
2018/03/19 12:01:39 Google drive root 'SMaPP_2017/SMAPP_ALL_MEMBERS/Documentation/Collection_Charts': Waiting for transfers to finish
2018/03/19 12:01:39 
Transferred:      0 Bytes (0 Bytes/s)
Errors:                 0
Checks:                 1
Transferred:            0
Elapsed time:       11.6s
2018/03/19 12:01:41 Google drive root 'SMaPP_2017/SMAPP_ALL_MEMBERS/Documentation/Collection_Charts': Waiting for checks to finish
2018/03/19 12:01:42 Google drive root 'SMaPP_2017/SMAPP_ALL_MEMBERS/Documentation/Collection_Charts': Waiting for transfers to finish
2018/03/19 12:01:42 
Transferred:      0 Bytes (0 Bytes/s)
Errors:                 0
Checks:                 1
Transferred:            0
Elapsed time:        1.9s
2018/03/19 12:01:44 Google drive root 'SMaPP_2017/SMAPP_ALL_MEMBERS/Documentation/Collection_Charts': Waiting for checks to finish
2018/03/19 12:01:44 Google drive root 'SMaPP_2017/SMAPP_ALL_MEMBERS/Documentation/Collection_Charts': Waiting for transfers to finish
2018/03/19 12:01:44 
Transferred:      0 Bytes (0 Bytes/s)
Errors:                 0
Checks:                 1
Transferred:            0
Elapsed time:        2.3s
2018/03/19 12:01:47 Google drive root 'SMaPP_2017/SMAPP_ALL_MEMBERS/Documentation/Collection_Charts': Waiting for checks to finish
2018/03/19 12:01:48 Google drive root 'SMaPP_2017/SMAPP_ALL_MEMBERS/Documentation/Collection_Charts': Waiting for transfers to finish
2018/03/19 12:01:48 
Transferred:      0 Bytes (0 Bytes/s)
Errors:                 0
Checks:                 1
Transferred:            0
Elapsed time:          3s
2018/03/19 12:01:58 Google drive root 'SMaPP_2017/SMAPP_ALL_MEMBERS/Documentation/Collection_Charts': Waiting for checks to finish
2018/03/19 12:01:58 Google drive root 'SMaPP_2017/SMAPP_ALL_MEMBERS/Documentation/Collection_Charts': Waiting for transfers to finish
2018/03/19 12:01:58 
Transferred:      0 Bytes (0 Bytes/s)
Errors:                 0
Checks:                 1
Transferred:            0
Elapsed time:        9.5s
2018/03/19 12:02:00 Google drive root 'SMaPP_2017/SMAPP_ALL_MEMBERS/Documentation/Collection_Charts': Waiting for checks to finish
2018/03/19 12:02:01 Google drive root 'SMaPP_2017/SMAPP_ALL_MEMBERS/Documentation/Collection_Charts': Waiting for transfers to finish
2018/03/19 12:02:01 
Transferred:      0 Bytes (0 Bytes/s)
Errors:                 0
Checks:                 1
Transferred:            0
Elapsed time:          2s
2018/03/19 12:02:06 Google drive root 'SMaPP_2017/SMAPP_ALL_MEMBERS/Documentation/Collection_Charts': Waiting for checks to finish
2018/03/19 12:02:07 Google drive root 'SMaPP_2017/SMAPP_ALL_MEMBERS/Documentation/Collection_Charts': Waiting for transfers to finish
2018/03/19 12:02:07 
Transferred:      0 Bytes (0 Bytes/s)
Errors:                 0
Checks:                 1
Transferred:            0
Elapsed time:        5.6s
2018/03/19 12:02:25 Google drive root 'SMaPP_2017/SMAPP_ALL_MEMBERS/Documentation/Collection_Charts': Waiting for checks to finish
2018/03/19 12:02:26 Google drive root 'SMaPP_2017/SMAPP_ALL_MEMBERS/Documentation/Collection_Charts': Waiting for transfers to finish
2018/03/19 12:02:26 
Transferred:      0 Bytes (0 Bytes/s)
Errors:                 0
Checks:                 1
Transferred:            0
Elapsed time:       18.2s
2018/03/19 12:02:27 Google drive root 'SMaPP_2017/SMAPP_ALL_MEMBERS/Documentation/Collection_Charts': Waiting for checks to finish
2018/03/19 12:02:28 Google drive root 'SMaPP_2017/SMAPP_ALL_MEMBERS/Documentation/Collection_Charts': Waiting for transfers to finish
2018/03/19 12:02:28 
Transferred:      0 Bytes (0 Bytes/s)
Errors:                 0
Checks:                 1
Transferred:            0
Elapsed time:        1.7s
2018/03/19 12:02:46 Google drive root 'SMaPP_2017/SMAPP_ALL_MEMBERS/Documentation/Collection_Charts': Waiting for checks to finish
2018/03/19 12:02:47 Google drive root 'SMaPP_2017/SMAPP_ALL_MEMBERS/Documentation/Collection_Charts': Waiting for transfers to finish
2018/03/19 12:02:47 
Transferred:      0 Bytes (0 Bytes/s)
Errors:                 0
Checks:                 1
Transferred:            0
Elapsed time:       18.3s
2018/03/19 12:03:04 Google drive root 'SMaPP_2017/SMAPP_ALL_MEMBERS/Documentation/Collection_Charts': Waiting for checks to finish
2018/03/19 12:03:04 Google drive root 'SMaPP_2017/SMAPP_ALL_MEMBERS/Documentation/Collection_Charts': Waiting for transfers to finish
2018/03/19 12:03:04 
Transferred:      0 Bytes (0 Bytes/s)
Errors:                 0
Checks:                 1
Transferred:            0
Elapsed time:       17.2s
2018/03/19 12:03:06 Google drive root 'SMaPP_2017/SMAPP_ALL_MEMBERS/Documentation/Collection_Charts': Waiting for checks to finish
2018/03/19 12:03:07 Google drive root 'SMaPP_2017/SMAPP_ALL_MEMBERS/Documentation/Collection_Charts': Waiting for transfers to finish
2018/03/19 12:03:07 
Transferred:      0 Bytes (0 Bytes/s)
Errors:                 0
Checks:                 1
Transferred:            0
Elapsed time:        1.9s
2018/03/19 12:03:25 Google drive root 'SMaPP_2017/SMAPP_ALL_MEMBERS/Documentation/Collection_Charts': Waiting for checks to finish
2018/03/19 12:03:26 Google drive root 'SMaPP_2017/SMAPP_ALL_MEMBERS/Documentation/Collection_Charts': Waiting for transfers to finish
2018/03/19 12:03:26 
Transferred:      0 Bytes (0 Bytes/s)
Errors:                 0
Checks:                 1
Transferred:            0
Elapsed time:       18.2s
2018/03/19 12:03:28 Google drive root 'SMaPP_2017/SMAPP_ALL_MEMBERS/Documentation/Collection_Charts': Waiting for checks to finish
2018/03/19 12:03:28 Google drive root 'SMaPP_2017/SMAPP_ALL_MEMBERS/Documentation/Collection_Charts': Waiting for transfers to finish
2018/03/19 12:03:28 
Transferred:      0 Bytes (0 Bytes/s)
Errors:                 0
Checks:                 1
Transferred:            0
Elapsed time:          2s
2018/03/19 12:03:39 Google drive root 'SMaPP_2017/SMAPP_ALL_MEMBERS/Documentation/Collection_Charts': Waiting for checks to finish
2018/03/19 12:03:39 Google drive root 'SMaPP_2017/SMAPP_ALL_MEMBERS/Documentation/Collection_Charts': Waiting for transfers to finish
2018/03/19 12:03:39 
Transferred:      0 Bytes (0 Bytes/s)
Errors:                 0
Checks:                 1
Transferred:            0
Elapsed time:       10.2s
2018/03/19 12:03:41 Google drive root 'SMaPP_2017/SMAPP_ALL_MEMBERS/Documentation/Collection_Charts': Waiting for checks to finish
2018/03/19 12:03:41 Google drive root 'SMaPP_2017/SMAPP_ALL_MEMBERS/Documentation/Collection_Charts': Waiting for transfers to finish
2018/03/19 12:03:41 
Transferred:      0 Bytes (0 Bytes/s)
Errors:                 0
Checks:                 1
Transferred:            0
Elapsed time:        1.8s
2018/03/19 12:03:45 Google drive root 'SMaPP_2017/SMAPP_ALL_MEMBERS/Documentation/Collection_Charts': Waiting for checks to finish
2018/03/19 12:03:45 Google drive root 'SMaPP_2017/SMAPP_ALL_MEMBERS/Documentation/Collection_Charts': Waiting for transfers to finish
2018/03/19 12:03:45 
Transferred:      0 Bytes (0 Bytes/s)
Errors:                 0
Checks:                 1
Transferred:            0
Elapsed time:        3.6s
2018/03/19 12:03:48 Google drive root 'SMaPP_2017/SMAPP_ALL_MEMBERS/Documentation/Collection_Charts': Waiting for checks to finish
2018/03/19 12:03:48 Google drive root 'SMaPP_2017/SMAPP_ALL_MEMBERS/Documentation/Collection_Charts': Waiting for transfers to finish
2018/03/19 12:03:48 
Transferred:      0 Bytes (0 Bytes/s)
Errors:                 0
Checks:                 1
Transferred:            0
Elapsed time:        2.3s
2018/03/19 12:04:00 Google drive root 'SMaPP_2017/SMAPP_ALL_MEMBERS/Documentation/Collection_Charts': Waiting for checks to finish
2018/03/19 12:04:01 Google drive root 'SMaPP_2017/SMAPP_ALL_MEMBERS/Documentation/Collection_Charts': Waiting for transfers to finish
2018/03/19 12:04:01 
Transferred:      0 Bytes (0 Bytes/s)
Errors:                 0
Checks:                 1
Transferred:            0
Elapsed time:       11.8s
2018/03/19 12:04:04 Google drive root 'SMaPP_2017/SMAPP_ALL_MEMBERS/Documentation/Collection_Charts': Waiting for checks to finish
2018/03/19 12:04:05 Google drive root 'SMaPP_2017/SMAPP_ALL_MEMBERS/Documentation/Collection_Charts': Waiting for transfers to finish
2018/03/19 12:04:05 
Transferred:      0 Bytes (0 Bytes/s)
Errors:                 0
Checks:                 1
Transferred:            0
Elapsed time:        3.2s
2018/03/19 12:04:07 Google drive root 'SMaPP_2017/SMAPP_ALL_MEMBERS/Documentation/Collection_Charts': Waiting for checks to finish
2018/03/19 12:04:08 Google drive root 'SMaPP_2017/SMAPP_ALL_MEMBERS/Documentation/Collection_Charts': Waiting for transfers to finish
2018/03/19 12:04:08 
Transferred:      0 Bytes (0 Bytes/s)
Errors:                 0
Checks:                 1
Transferred:            0
Elapsed time:        2.4s
2018/03/19 12:04:26 Google drive root 'SMaPP_2017/SMAPP_ALL_MEMBERS/Documentation/Collection_Charts': Waiting for checks to finish
2018/03/19 12:04:27 Google drive root 'SMaPP_2017/SMAPP_ALL_MEMBERS/Documentation/Collection_Charts': Waiting for transfers to finish
2018/03/19 12:04:27 
Transferred:      0 Bytes (0 Bytes/s)
Errors:                 0
Checks:                 1
Transferred:            0
Elapsed time:       18.5s
2018/03/19 12:04:45 Google drive root 'SMaPP_2017/SMAPP_ALL_MEMBERS/Documentation/Collection_Charts': Waiting for checks to finish
2018/03/19 12:04:46 Google drive root 'SMaPP_2017/SMAPP_ALL_MEMBERS/Documentation/Collection_Charts': Waiting for transfers to finish
2018/03/19 12:04:46 
Transferred:      0 Bytes (0 Bytes/s)
Errors:                 0
Checks:                 1
Transferred:            0
Elapsed time:       18.5s
2018/03/19 12:04:48 Google drive root 'SMaPP_2017/SMAPP_ALL_MEMBERS/Documentation/Collection_Charts': Waiting for checks to finish
2018/03/19 12:04:57 Google drive root 'SMaPP_2017/SMAPP_ALL_MEMBERS/Documentation/Collection_Charts': Waiting for transfers to finish
2018/03/19 12:04:57 
Transferred:      0 Bytes (0 Bytes/s)
Errors:                 0
Checks:                 1
Transferred:            0
Elapsed time:       10.5s
2018/03/19 12:04:59 Google drive root 'SMaPP_2017/SMAPP_ALL_MEMBERS/Documentation/Collection_Charts': Waiting for checks to finish
2018/03/19 12:04:59 Google drive root 'SMaPP_2017/SMAPP_ALL_MEMBERS/Documentation/Collection_Charts': Waiting for transfers to finish
2018/03/19 12:04:59 
Transferred:      0 Bytes (0 Bytes/s)
Errors:                 0
Checks:                 1
Transferred:            0
Elapsed time:        2.1s
2018/03/19 12:05:01 Google drive root 'SMaPP_2017/SMAPP_ALL_MEMBERS/Documentation/Collection_Charts': Waiting for checks to finish
2018/03/19 12:05:02 Google drive root 'SMaPP_2017/SMAPP_ALL_MEMBERS/Documentation/Collection_Charts': Waiting for transfers to finish
2018/03/19 12:05:02 
Transferred:      0 Bytes (0 Bytes/s)
Errors:                 0
Checks:                 1
Transferred:            0
Elapsed time:        1.9s
2018/03/19 12:05:05 Google drive root 'SMaPP_2017/SMAPP_ALL_MEMBERS/Documentation/Collection_Charts': Waiting for checks to finish
2018/03/19 12:05:06 Google drive root 'SMaPP_2017/SMAPP_ALL_MEMBERS/Documentation/Collection_Charts': Waiting for transfers to finish
2018/03/19 12:05:06 
Transferred:      0 Bytes (0 Bytes/s)
Errors:                 0
Checks:                 1
Transferred:            0
Elapsed time:        3.4s
2018/03/19 12:05:08 Google drive root 'SMaPP_2017/SMAPP_ALL_MEMBERS/Documentation/Collection_Charts': Waiting for checks to finish
2018/03/19 12:05:09 Google drive root 'SMaPP_2017/SMAPP_ALL_MEMBERS/Documentation/Collection_Charts': Waiting for transfers to finish
2018/03/19 12:05:09 
Transferred:      0 Bytes (0 Bytes/s)
Errors:                 0
Checks:                 1
Transferred:            0
Elapsed time:        2.1s
2018/03/19 12:05:18 Google drive root 'SMaPP_2017/SMAPP_ALL_MEMBERS/Documentation/Collection_Charts': Waiting for checks to finish
2018/03/19 12:05:19 Google drive root 'SMaPP_2017/SMAPP_ALL_MEMBERS/Documentation/Collection_Charts': Waiting for transfers to finish
2018/03/19 12:05:19 
Transferred:      0 Bytes (0 Bytes/s)
Errors:                 0
Checks:                 1
Transferred:            0
Elapsed time:        9.8s
2018/03/19 12:05:21 Google drive root 'SMaPP_2017/SMAPP_ALL_MEMBERS/Documentation/Collection_Charts': Waiting for checks to finish
2018/03/19 12:05:21 Google drive root 'SMaPP_2017/SMAPP_ALL_MEMBERS/Documentation/Collection_Charts': Waiting for transfers to finish
2018/03/19 12:05:21 
Transferred:      0 Bytes (0 Bytes/s)
Errors:                 0
Checks:                 1
Transferred:            0
Elapsed time:        1.8s
2018/03/19 12:05:27 Google drive root 'SMaPP_2017/SMAPP_ALL_MEMBERS/Documentation/Collection_Charts': Waiting for checks to finish
2018/03/19 12:05:28 Google drive root 'SMaPP_2017/SMAPP_ALL_MEMBERS/Documentation/Collection_Charts': Waiting for transfers to finish
2018/03/19 12:05:28 
Transferred:      0 Bytes (0 Bytes/s)
Errors:                 0
Checks:                 1
Transferred:            0
Elapsed time:        5.8s
2018/03/19 12:05:46 Google drive root 'SMaPP_2017/SMAPP_ALL_MEMBERS/Documentation/Collection_Charts': Waiting for checks to finish
2018/03/19 12:05:47 Google drive root 'SMaPP_2017/SMAPP_ALL_MEMBERS/Documentation/Collection_Charts': Waiting for transfers to finish
2018/03/19 12:05:47 
Transferred:      0 Bytes (0 Bytes/s)
Errors:                 0
Checks:                 1
Transferred:            0
Elapsed time:       18.8s
2018/03/19 12:06:06 Google drive root 'SMaPP_2017/SMAPP_ALL_MEMBERS/Documentation/Collection_Charts': Waiting for checks to finish
2018/03/19 12:06:06 Google drive root 'SMaPP_2017/SMAPP_ALL_MEMBERS/Documentation/Collection_Charts': Waiting for transfers to finish
2018/03/19 12:06:06 
Transferred:      0 Bytes (0 Bytes/s)
Errors:                 0
Checks:                 1
Transferred:            0
Elapsed time:       18.6s
2018/03/19 12:06:08 Google drive root 'SMaPP_2017/SMAPP_ALL_MEMBERS/Documentation/Collection_Charts': Waiting for checks to finish
2018/03/19 12:06:17 Google drive root 'SMaPP_2017/SMAPP_ALL_MEMBERS/Documentation/Collection_Charts': Waiting for transfers to finish
2018/03/19 12:06:17 
Transferred:      0 Bytes (0 Bytes/s)
Errors:                 0
Checks:                 1
Transferred:            0
Elapsed time:       10.2s
2018/03/19 12:06:19 Google drive root 'SMaPP_2017/SMAPP_ALL_MEMBERS/Documentation/Collection_Charts': Waiting for checks to finish
2018/03/19 12:06:19 Google drive root 'SMaPP_2017/SMAPP_ALL_MEMBERS/Documentation/Collection_Charts': Waiting for transfers to finish
2018/03/19 12:06:19 
Transferred:      0 Bytes (0 Bytes/s)
Errors:                 0
Checks:                 1
Transferred:            0
Elapsed time:        1.6s
2018/03/19 12:06:22 Google drive root 'SMaPP_2017/SMAPP_ALL_MEMBERS/Documentation/Collection_Charts': Waiting for checks to finish
2018/03/19 12:06:22 Google drive root 'SMaPP_2017/SMAPP_ALL_MEMBERS/Documentation/Collection_Charts': Waiting for transfers to finish
2018/03/19 12:06:22 
Transferred:      0 Bytes (0 Bytes/s)
Errors:                 0
Checks:                 1
Transferred:            0
Elapsed time:          2s
2018/03/19 12:06:24 Google drive root 'SMaPP_2017/SMAPP_ALL_MEMBERS/Documentation/Collection_Charts': Waiting for checks to finish
2018/03/19 12:06:24 Google drive root 'SMaPP_2017/SMAPP_ALL_MEMBERS/Documentation/Collection_Charts': Waiting for transfers to finish
2018/03/19 12:06:25 
Transferred:   43.445 kBytes (15.625 kBytes/s)
Errors:                 0
Checks:                 1
Transferred:            1
Elapsed time:        2.7s
2018/03/19 12:06:27 Google drive root 'SMaPP_2017/SMAPP_ALL_MEMBERS/Documentation/Collection_Charts': Waiting for checks to finish
2018/03/19 12:06:27 Google drive root 'SMaPP_2017/SMAPP_ALL_MEMBERS/Documentation/Collection_Charts': Waiting for transfers to finish
2018/03/19 12:06:28 
Transferred:   59.156 kBytes (26.178 kBytes/s)
Errors:                 0
Checks:                 1
Transferred:            1
Elapsed time:        2.2s
2018/03/19 12:06:38 Google drive root 'SMaPP_2017/SMAPP_ALL_MEMBERS/Documentation/Collection_Charts': Waiting for checks to finish
2018/03/19 12:06:38 Google drive root 'SMaPP_2017/SMAPP_ALL_MEMBERS/Documentation/Collection_Charts': Waiting for transfers to finish
2018/03/19 12:06:39 
Transferred:   59.809 kBytes (5.673 kBytes/s)
Errors:                 0
Checks:                 1
Transferred:            1
Elapsed time:       10.5s
2018/03/19 12:06:41 Google drive root 'SMaPP_2017/SMAPP_ALL_MEMBERS/Documentation/Collection_Charts': Waiting for checks to finish
2018/03/19 12:06:41 Google drive root 'SMaPP_2017/SMAPP_ALL_MEMBERS/Documentation/Collection_Charts': Waiting for transfers to finish
2018/03/19 12:06:42 
Transferred:   39.918 kBytes (15.428 kBytes/s)
Errors:                 0
Checks:                 1
Transferred:            1
Elapsed time:        2.5s
2018/03/19 12:06:46 Google drive root 'SMaPP_2017/SMAPP_ALL_MEMBERS/Documentation/Collection_Charts/z_Archive/03-19-2018': Waiting for checks to finish
2018/03/19 12:06:46 Google drive root 'SMaPP_2017/SMAPP_ALL_MEMBERS/Documentation/Collection_Charts/z_Archive/03-19-2018': Waiting for transfers to finish
2018/03/19 12:06:47 
Transferred:   39.918 kBytes (8.104 kBytes/s)
Errors:                 0
Checks:                 0
Transferred:            1
Elapsed time:        4.9s
2018/03/19 12:07:06 Google drive root 'SMaPP_2017/SMAPP_ALL_MEMBERS/Documentation/Collection_Charts': Waiting for checks to finish
2018/03/19 12:07:06 Google drive root 'SMaPP_2017/SMAPP_ALL_MEMBERS/Documentation/Collection_Charts': Waiting for transfers to finish
2018/03/19 12:07:07 
Transferred:   35.991 kBytes (1.886 kBytes/s)
Errors:                 0
Checks:                 1
Transferred:            1
Elapsed time:         19s
2018/03/19 12:07:25 Google drive root 'SMaPP_2017/SMAPP_ALL_MEMBERS/Documentation/Collection_Charts/z_Archive/03-19-2018': Waiting for checks to finish
2018/03/19 12:07:25 Google drive root 'SMaPP_2017/SMAPP_ALL_MEMBERS/Documentation/Collection_Charts/z_Archive/03-19-2018': Waiting for transfers to finish
2018/03/19 12:07:27 
Transferred:   35.991 kBytes (1.803 kBytes/s)
Errors:                 0
Checks:                 0
Transferred:            1
Elapsed time:       19.9s
2018/03/19 12:07:29 Google drive root 'SMaPP_2017/SMAPP_ALL_MEMBERS/Documentation/Collection_Charts': Waiting for checks to finish
2018/03/19 12:07:29 Google drive root 'SMaPP_2017/SMAPP_ALL_MEMBERS/Documentation/Collection_Charts': Waiting for transfers to finish
2018/03/19 12:07:34 
Transferred:   152.844 kBytes (20.858 kBytes/s)
Errors:                 0
Checks:                 1
Transferred:            1
Elapsed time:        7.3s
2018/03/19 12:07:37 Google drive root 'SMaPP_2017/SMAPP_ALL_MEMBERS/Documentation/Collection_Charts/z_Archive/03-19-2018': Waiting for checks to finish
2018/03/19 12:07:37 Google drive root 'SMaPP_2017/SMAPP_ALL_MEMBERS/Documentation/Collection_Charts/z_Archive/03-19-2018': Waiting for transfers to finish
2018/03/19 12:07:39 
Transferred:   38.211 kBytes (8.897 kBytes/s)
Errors:                 0
Checks:                 0
Transferred:            1
Elapsed time:        4.2s
2018/03/19 12:07:41 Google drive root 'SMaPP_2017/SMAPP_ALL_MEMBERS/Documentation/Collection_Charts': Waiting for checks to finish
2018/03/19 12:07:41 Google drive root 'SMaPP_2017/SMAPP_ALL_MEMBERS/Documentation/Collection_Charts': Waiting for transfers to finish
2018/03/19 12:07:42 
Transferred:   37.847 kBytes (12.241 kBytes/s)
Errors:                 0
Checks:                 1
Transferred:            1
Elapsed time:          3s
2018/03/19 12:07:56 Google drive root 'SMaPP_2017/SMAPP_ALL_MEMBERS/Documentation/Collection_Charts/z_Archive/03-19-2018': Waiting for checks to finish
2018/03/19 12:07:56 Google drive root 'SMaPP_2017/SMAPP_ALL_MEMBERS/Documentation/Collection_Charts/z_Archive/03-19-2018': Waiting for transfers to finish
2018/03/19 12:08:06 
Transferred:   37.847 kBytes (1.632 kBytes/s)
Errors:                 0
Checks:                 0
Transferred:            1
Elapsed time:       23.1s
2018/03/19 12:08:07 Google drive root 'SMaPP_2017/SMAPP_ALL_MEMBERS/Documentation/Collection_Charts': Waiting for checks to finish
2018/03/19 12:08:07 Google drive root 'SMaPP_2017/SMAPP_ALL_MEMBERS/Documentation/Collection_Charts': Waiting for transfers to finish
2018/03/19 12:08:08 
Transferred:   35.276 kBytes (15.586 kBytes/s)
Errors:                 0
Checks:                 1
Transferred:            1
Elapsed time:        2.2s
2018/03/19 12:08:18 Google drive root 'SMaPP_2017/SMAPP_ALL_MEMBERS/Documentation/Collection_Charts/z_Archive/03-19-2018': Waiting for checks to finish
2018/03/19 12:08:18 Google drive root 'SMaPP_2017/SMAPP_ALL_MEMBERS/Documentation/Collection_Charts/z_Archive/03-19-2018': Waiting for transfers to finish
2018/03/19 12:08:19 
Transferred:   35.276 kBytes (3.232 kBytes/s)
Errors:                 0
Checks:                 0
Transferred:            1
Elapsed time:       10.9s
2018/03/19 12:08:23 Google drive root 'SMaPP_2017/SMAPP_ALL_MEMBERS/Documentation/Collection_Charts': Waiting for checks to finish
2018/03/19 12:08:23 Google drive root 'SMaPP_2017/SMAPP_ALL_MEMBERS/Documentation/Collection_Charts': Waiting for transfers to finish
2018/03/19 12:08:24 
Transferred:   38.317 kBytes (8.130 kBytes/s)
Errors:                 0
Checks:                 1
Transferred:            1
Elapsed time:        4.7s
2018/03/19 12:08:27 Google drive root 'SMaPP_2017/SMAPP_ALL_MEMBERS/Documentation/Collection_Charts/z_Archive/03-19-2018': Waiting for checks to finish
2018/03/19 12:08:27 Google drive root 'SMaPP_2017/SMAPP_ALL_MEMBERS/Documentation/Collection_Charts/z_Archive/03-19-2018': Waiting for transfers to finish
2018/03/19 12:08:28 
Transferred:   38.317 kBytes (10.549 kBytes/s)
Errors:                 0
Checks:                 0
Transferred:            1
Elapsed time:        3.6s
2018/03/19 12:08:38 Google drive root 'SMaPP_2017/SMAPP_ALL_MEMBERS/Documentation/Collection_Charts': Waiting for checks to finish
2018/03/19 12:08:38 Google drive root 'SMaPP_2017/SMAPP_ALL_MEMBERS/Documentation/Collection_Charts': Waiting for transfers to finish
2018/03/19 12:08:39 
Transferred:   37.088 kBytes (3.500 kBytes/s)
Errors:                 0
Checks:                 1
Transferred:            1
Elapsed time:       10.5s
2018/03/19 12:08:41 Google drive root 'SMaPP_2017/SMAPP_ALL_MEMBERS/Documentation/Collection_Charts/z_Archive/03-19-2018': Waiting for checks to finish
2018/03/19 12:08:41 Google drive root 'SMaPP_2017/SMAPP_ALL_MEMBERS/Documentation/Collection_Charts/z_Archive/03-19-2018': Waiting for transfers to finish
2018/03/19 12:08:43 
Transferred:   37.088 kBytes (10.965 kBytes/s)
Errors:                 0
Checks:                 0
Transferred:            1
Elapsed time:        3.3s
2018/03/19 12:08:45 Google drive root 'SMaPP_2017/SMAPP_ALL_MEMBERS/Documentation/Collection_Charts': Waiting for checks to finish
2018/03/19 12:08:45 Google drive root 'SMaPP_2017/SMAPP_ALL_MEMBERS/Documentation/Collection_Charts': Waiting for transfers to finish
2018/03/19 12:08:46 
Transferred:   40.059 kBytes (14.350 kBytes/s)
Errors:                 0
Checks:                 1
Transferred:            1
Elapsed time:        2.7s
2018/03/19 12:08:48 Google drive root 'SMaPP_2017/SMAPP_ALL_MEMBERS/Documentation/Collection_Charts/z_Archive/03-19-2018': Waiting for checks to finish
2018/03/19 12:08:48 Google drive root 'SMaPP_2017/SMAPP_ALL_MEMBERS/Documentation/Collection_Charts/z_Archive/03-19-2018': Waiting for transfers to finish
2018/03/19 12:08:49 
Transferred:   40.059 kBytes (12.235 kBytes/s)
Errors:                 0
Checks:                 0
Transferred:            1
Elapsed time:        3.2s
2018/03/19 12:08:59 Google drive root 'SMaPP_2017/SMAPP_ALL_MEMBERS/Documentation/Collection_Charts': Waiting for checks to finish
2018/03/19 12:08:59 Google drive root 'SMaPP_2017/SMAPP_ALL_MEMBERS/Documentation/Collection_Charts': Waiting for transfers to finish
2018/03/19 12:09:00 
Transferred:   37.049 kBytes (3.574 kBytes/s)
Errors:                 0
Checks:                 1
Transferred:            1
Elapsed time:       10.3s
2018/03/19 12:09:02 Google drive root 'SMaPP_2017/SMAPP_ALL_MEMBERS/Documentation/Collection_Charts/z_Archive/03-19-2018': Waiting for checks to finish
2018/03/19 12:09:02 Google drive root 'SMaPP_2017/SMAPP_ALL_MEMBERS/Documentation/Collection_Charts/z_Archive/03-19-2018': Waiting for transfers to finish
2018/03/19 12:09:03 
Transferred:   37.049 kBytes (11.118 kBytes/s)
Errors:                 0
Checks:                 0
Transferred:            1
Elapsed time:        3.3s
2018/03/19 12:09:06 Google drive root 'SMaPP_2017/SMAPP_ALL_MEMBERS/Documentation/Collection_Charts': Waiting for checks to finish
2018/03/19 12:09:06 Google drive root 'SMaPP_2017/SMAPP_ALL_MEMBERS/Documentation/Collection_Charts': Waiting for transfers to finish
2018/03/19 12:09:07 
Transferred:   37.471 kBytes (13.774 kBytes/s)
Errors:                 0
Checks:                 1
Transferred:            1
Elapsed time:        2.7s
2018/03/19 12:09:25 Google drive root 'SMaPP_2017/SMAPP_ALL_MEMBERS/Documentation/Collection_Charts/z_Archive/03-19-2018': Waiting for checks to finish
2018/03/19 12:09:25 Google drive root 'SMaPP_2017/SMAPP_ALL_MEMBERS/Documentation/Collection_Charts/z_Archive/03-19-2018': Waiting for transfers to finish
2018/03/19 12:09:31 
Transferred:   37.471 kBytes (1.545 kBytes/s)
Errors:                 0
Checks:                 0
Transferred:            1
Elapsed time:       24.2s
2018/03/19 12:09:38 Google drive root 'SMaPP_2017/SMAPP_ALL_MEMBERS/Documentation/Collection_Charts': Waiting for checks to finish
2018/03/19 12:09:38 Google drive root 'SMaPP_2017/SMAPP_ALL_MEMBERS/Documentation/Collection_Charts': Waiting for transfers to finish
2018/03/19 12:09:39 
Transferred:   40.263 kBytes (5.195 kBytes/s)
Errors:                 0
Checks:                 1
Transferred:            1
Elapsed time:        7.7s
2018/03/19 12:09:45 Google drive root 'SMaPP_2017/SMAPP_ALL_MEMBERS/Documentation/Collection_Charts/z_Archive/03-19-2018': Waiting for checks to finish
2018/03/19 12:09:45 Google drive root 'SMaPP_2017/SMAPP_ALL_MEMBERS/Documentation/Collection_Charts/z_Archive/03-19-2018': Waiting for transfers to finish
2018/03/19 12:09:46 
Transferred:   40.263 kBytes (5.639 kBytes/s)
Errors:                 0
Checks:                 0
Transferred:            1
Elapsed time:        7.1s
2018/03/19 12:10:05 Google drive root 'SMaPP_2017/SMAPP_ALL_MEMBERS/Documentation/Collection_Charts': Waiting for checks to finish
2018/03/19 12:10:05 Google drive root 'SMaPP_2017/SMAPP_ALL_MEMBERS/Documentation/Collection_Charts': Waiting for transfers to finish
2018/03/19 12:10:06 
Transferred:   40.218 kBytes (2.123 kBytes/s)
Errors:                 0
Checks:                 1
Transferred:            1
Elapsed time:       18.9s
2018/03/19 12:10:08 Google drive root 'SMaPP_2017/SMAPP_ALL_MEMBERS/Documentation/Collection_Charts/z_Archive/03-19-2018': Waiting for checks to finish
2018/03/19 12:10:08 Google drive root 'SMaPP_2017/SMAPP_ALL_MEMBERS/Documentation/Collection_Charts/z_Archive/03-19-2018': Waiting for transfers to finish
2018/03/19 12:10:26 
Transferred:   80.436 kBytes (4.056 kBytes/s)
Errors:                 0
Checks:                 0
Transferred:            1
Elapsed time:       19.8s
2018/03/19 12:10:39 Google drive root 'SMaPP_2017/SMAPP_ALL_MEMBERS/Documentation/Collection_Charts': Waiting for checks to finish
2018/03/19 12:10:39 Google drive root 'SMaPP_2017/SMAPP_ALL_MEMBERS/Documentation/Collection_Charts': Waiting for transfers to finish
2018/03/19 12:10:39 
Transferred:   36.997 kBytes (2.775 kBytes/s)
Errors:                 0
Checks:                 1
Transferred:            1
Elapsed time:       13.3s
2018/03/19 12:10:41 Google drive root 'SMaPP_2017/SMAPP_ALL_MEMBERS/Documentation/Collection_Charts/z_Archive/03-19-2018': Waiting for checks to finish
2018/03/19 12:10:41 Google drive root 'SMaPP_2017/SMAPP_ALL_MEMBERS/Documentation/Collection_Charts/z_Archive/03-19-2018': Waiting for transfers to finish
2018/03/19 12:10:43 
Transferred:   36.997 kBytes (10.802 kBytes/s)
Errors:                 0
Checks:                 0
Transferred:            1
Elapsed time:        3.4s
2018/03/19 12:10:45 Google drive root 'SMaPP_2017/SMAPP_ALL_MEMBERS/Documentation/Collection_Charts': Waiting for checks to finish
2018/03/19 12:10:45 Google drive root 'SMaPP_2017/SMAPP_ALL_MEMBERS/Documentation/Collection_Charts': Waiting for transfers to finish
2018/03/19 12:10:46 
Transferred:   40.209 kBytes (16.578 kBytes/s)
Errors:                 0
Checks:                 1
Transferred:            1
Elapsed time:        2.4s
2018/03/19 12:10:53 Google drive root 'SMaPP_2017/SMAPP_ALL_MEMBERS/Documentation/Collection_Charts/z_Archive/03-19-2018': Waiting for checks to finish
2018/03/19 12:10:53 Google drive root 'SMaPP_2017/SMAPP_ALL_MEMBERS/Documentation/Collection_Charts/z_Archive/03-19-2018': Waiting for transfers to finish
2018/03/19 12:10:58 
Transferred:   40.209 kBytes (3.204 kBytes/s)
Errors:                 0
Checks:                 0
Transferred:            1
Elapsed time:       12.5s
2018/03/19 12:11:01 Google drive root 'SMaPP_2017/SMAPP_ALL_MEMBERS/Documentation/Collection_Charts': Waiting for checks to finish
2018/03/19 12:11:01 Google drive root 'SMaPP_2017/SMAPP_ALL_MEMBERS/Documentation/Collection_Charts': Waiting for transfers to finish
2018/03/19 12:11:02 
Transferred:   38.284 kBytes (12.094 kBytes/s)
Errors:                 0
Checks:                 1
Transferred:            1
Elapsed time:        3.1s
2018/03/19 12:11:04 Google drive root 'SMaPP_2017/SMAPP_ALL_MEMBERS/Documentation/Collection_Charts/z_Archive/03-19-2018': Waiting for checks to finish
2018/03/19 12:11:04 Google drive root 'SMaPP_2017/SMAPP_ALL_MEMBERS/Documentation/Collection_Charts/z_Archive/03-19-2018': Waiting for transfers to finish
2018/03/19 12:11:05 
Transferred:   38.284 kBytes (13.005 kBytes/s)
Errors:                 0
Checks:                 0
Transferred:            1
Elapsed time:        2.9s
2018/03/19 12:11:16 Google drive root 'SMaPP_2017/SMAPP_ALL_MEMBERS/Documentation/Collection_Charts': Waiting for checks to finish
2018/03/19 12:11:16 Google drive root 'SMaPP_2017/SMAPP_ALL_MEMBERS/Documentation/Collection_Charts': Waiting for transfers to finish
2018/03/19 12:11:26 
Transferred:   38.930 kBytes (1.926 kBytes/s)
Errors:                 0
Checks:                 1
Transferred:            1
Elapsed time:       20.2s
2018/03/19 12:11:36 Google drive root 'SMaPP_2017/SMAPP_ALL_MEMBERS/Documentation/Collection_Charts/z_Archive/03-19-2018': Waiting for checks to finish
2018/03/19 12:11:36 Google drive root 'SMaPP_2017/SMAPP_ALL_MEMBERS/Documentation/Collection_Charts/z_Archive/03-19-2018': Waiting for transfers to finish
2018/03/19 12:11:46 
Transferred:   38.930 kBytes (1.987 kBytes/s)
Errors:                 0
Checks:                 0
Transferred:            1
Elapsed time:       19.5s
2018/03/19 12:11:48 Google drive root 'SMaPP_2017/SMAPP_ALL_MEMBERS/Documentation/Collection_Charts': Waiting for checks to finish
2018/03/19 12:11:48 Google drive root 'SMaPP_2017/SMAPP_ALL_MEMBERS/Documentation/Collection_Charts': Waiting for transfers to finish
2018/03/19 12:11:49 
Transferred:   35.434 kBytes (14.299 kBytes/s)
Errors:                 0
Checks:                 1
Transferred:            1
Elapsed time:        2.4s
2018/03/19 12:11:59 Google drive root 'SMaPP_2017/SMAPP_ALL_MEMBERS/Documentation/Collection_Charts/z_Archive/03-19-2018': Waiting for checks to finish
2018/03/19 12:11:59 Google drive root 'SMaPP_2017/SMAPP_ALL_MEMBERS/Documentation/Collection_Charts/z_Archive/03-19-2018': Waiting for transfers to finish
2018/03/19 12:12:01 
Transferred:   35.434 kBytes (2.975 kBytes/s)
Errors:                 0
Checks:                 0
Transferred:            1
Elapsed time:       11.9s
2018/03/19 12:12:02 Google drive root 'SMaPP_2017/SMAPP_ALL_MEMBERS/Documentation/Collection_Charts': Waiting for checks to finish
2018/03/19 12:12:02 Google drive root 'SMaPP_2017/SMAPP_ALL_MEMBERS/Documentation/Collection_Charts': Waiting for transfers to finish
2018/03/19 12:12:03 
Transferred:   38.313 kBytes (18.515 kBytes/s)
Errors:                 0
Checks:                 1
Transferred:            1
Elapsed time:          2s
2018/03/19 12:12:05 Google drive root 'SMaPP_2017/SMAPP_ALL_MEMBERS/Documentation/Collection_Charts/z_Archive/03-19-2018': Waiting for checks to finish
2018/03/19 12:12:05 Google drive root 'SMaPP_2017/SMAPP_ALL_MEMBERS/Documentation/Collection_Charts/z_Archive/03-19-2018': Waiting for transfers to finish
2018/03/19 12:12:06 
Transferred:   38.313 kBytes (11.970 kBytes/s)
Errors:                 0
Checks:                 0
Transferred:            1
Elapsed time:        3.2s
2018/03/19 12:12:14 Google drive root 'SMaPP_2017/SMAPP_ALL_MEMBERS/Documentation/Collection_Charts': Waiting for checks to finish
2018/03/19 12:12:14 Google drive root 'SMaPP_2017/SMAPP_ALL_MEMBERS/Documentation/Collection_Charts': Waiting for transfers to finish
2018/03/19 12:12:15 
Transferred:   33.698 kBytes (4.278 kBytes/s)
Errors:                 0
Checks:                 1
Transferred:            1
Elapsed time:        7.8s
2018/03/19 12:12:19 Google drive root 'SMaPP_2017/SMAPP_ALL_MEMBERS/Documentation/Collection_Charts/z_Archive/03-19-2018': Waiting for checks to finish
2018/03/19 12:12:19 Google drive root 'SMaPP_2017/SMAPP_ALL_MEMBERS/Documentation/Collection_Charts/z_Archive/03-19-2018': Waiting for transfers to finish
2018/03/19 12:12:20 
Transferred:   33.698 kBytes (6.775 kBytes/s)
Errors:                 0
Checks:                 0
Transferred:            1
Elapsed time:        4.9s
2018/03/19 12:12:21 Google drive root 'SMaPP_2017/SMAPP_ALL_MEMBERS/Documentation/Collection_Charts': Waiting for checks to finish
2018/03/19 12:12:21 Google drive root 'SMaPP_2017/SMAPP_ALL_MEMBERS/Documentation/Collection_Charts': Waiting for transfers to finish
2018/03/19 12:12:22 
Transferred:   38.254 kBytes (18.093 kBytes/s)
Errors:                 0
Checks:                 1
Transferred:            1
Elapsed time:        2.1s
2018/03/19 12:12:24 Google drive root 'SMaPP_2017/SMAPP_ALL_MEMBERS/Documentation/Collection_Charts/z_Archive/03-19-2018': Waiting for checks to finish
2018/03/19 12:12:24 Google drive root 'SMaPP_2017/SMAPP_ALL_MEMBERS/Documentation/Collection_Charts/z_Archive/03-19-2018': Waiting for transfers to finish
2018/03/19 12:12:25 
Transferred:   38.254 kBytes (14.123 kBytes/s)
Errors:                 0
Checks:                 0
Transferred:            1
Elapsed time:        2.7s
2018/03/19 12:12:27 Google drive root 'SMaPP_2017/SMAPP_ALL_MEMBERS/Documentation/Collection_Charts': Waiting for checks to finish
2018/03/19 12:12:27 Google drive root 'SMaPP_2017/SMAPP_ALL_MEMBERS/Documentation/Collection_Charts': Waiting for transfers to finish
2018/03/19 12:12:28 
Transferred:   36.562 kBytes (16.513 kBytes/s)
Errors:                 0
Checks:                 1
Transferred:            1
Elapsed time:        2.2s
2018/03/19 12:12:40 Google drive root 'SMaPP_2017/SMAPP_ALL_MEMBERS/Documentation/Collection_Charts/z_Archive/03-19-2018': Waiting for checks to finish
2018/03/19 12:12:40 Google drive root 'SMaPP_2017/SMAPP_ALL_MEMBERS/Documentation/Collection_Charts/z_Archive/03-19-2018': Waiting for transfers to finish
2018/03/19 12:12:41 
Transferred:   36.562 kBytes (2.767 kBytes/s)
Errors:                 0
Checks:                 0
Transferred:            1
Elapsed time:       13.2s
2018/03/19 12:12:44 Google drive root 'SMaPP_2017/SMAPP_ALL_MEMBERS/Documentation/Collection_Charts': Waiting for checks to finish
2018/03/19 12:12:44 Google drive root 'SMaPP_2017/SMAPP_ALL_MEMBERS/Documentation/Collection_Charts': Waiting for transfers to finish
2018/03/19 12:12:45 
Transferred:   34.287 kBytes (9.236 kBytes/s)
Errors:                 0
Checks:                 1
Transferred:            1
Elapsed time:        3.7s
2018/03/19 12:12:47 Google drive root 'SMaPP_2017/SMAPP_ALL_MEMBERS/Documentation/Collection_Charts/z_Archive/03-19-2018': Waiting for checks to finish
2018/03/19 12:12:47 Google drive root 'SMaPP_2017/SMAPP_ALL_MEMBERS/Documentation/Collection_Charts/z_Archive/03-19-2018': Waiting for transfers to finish
2018/03/19 12:12:48 
Transferred:   34.287 kBytes (11.318 kBytes/s)
Errors:                 0
Checks:                 0
Transferred:            1
Elapsed time:          3s
2018/03/19 12:12:58 Google drive root 'SMaPP_2017/SMAPP_ALL_MEMBERS/Documentation/Collection_Charts': Waiting for checks to finish
2018/03/19 12:12:58 Google drive root 'SMaPP_2017/SMAPP_ALL_MEMBERS/Documentation/Collection_Charts': Waiting for transfers to finish
2018/03/19 12:12:59 
Transferred:   38.080 kBytes (3.655 kBytes/s)
Errors:                 0
Checks:                 1
Transferred:            1
Elapsed time:       10.4s
2018/03/19 12:13:01 Google drive root 'SMaPP_2017/SMAPP_ALL_MEMBERS/Documentation/Collection_Charts/z_Archive/03-19-2018': Waiting for checks to finish
2018/03/19 12:13:01 Google drive root 'SMaPP_2017/SMAPP_ALL_MEMBERS/Documentation/Collection_Charts/z_Archive/03-19-2018': Waiting for transfers to finish
2018/03/19 12:13:02 
Transferred:   38.080 kBytes (12.141 kBytes/s)
Errors:                 0
Checks:                 0
Transferred:            1
Elapsed time:        3.1s
2018/03/19 12:13:04 Google drive root 'SMaPP_2017/SMAPP_ALL_MEMBERS/Documentation/Collection_Charts': Waiting for checks to finish
2018/03/19 12:13:04 Google drive root 'SMaPP_2017/SMAPP_ALL_MEMBERS/Documentation/Collection_Charts': Waiting for transfers to finish
2018/03/19 12:13:05 
Transferred:   36.384 kBytes (15.330 kBytes/s)
Errors:                 0
Checks:                 1
Transferred:            1
Elapsed time:        2.3s
2018/03/19 12:13:07 Google drive root 'SMaPP_2017/SMAPP_ALL_MEMBERS/Documentation/Collection_Charts/z_Archive/03-19-2018': Waiting for checks to finish
2018/03/19 12:13:07 Google drive root 'SMaPP_2017/SMAPP_ALL_MEMBERS/Documentation/Collection_Charts/z_Archive/03-19-2018': Waiting for transfers to finish
2018/03/19 12:13:09 
Transferred:   36.384 kBytes (9.951 kBytes/s)
Errors:                 0
Checks:                 0
Transferred:            1
Elapsed time:        3.6s
2018/03/19 12:13:19 Google drive root 'SMaPP_2017/SMAPP_ALL_MEMBERS/Documentation/Collection_Charts': Waiting for checks to finish
2018/03/19 12:13:19 Google drive root 'SMaPP_2017/SMAPP_ALL_MEMBERS/Documentation/Collection_Charts': Waiting for transfers to finish
2018/03/19 12:13:20 
Transferred:   36.523 kBytes (3.343 kBytes/s)
Errors:                 0
Checks:                 1
Transferred:            1
Elapsed time:       10.9s
2018/03/19 12:13:22 Google drive root 'SMaPP_2017/SMAPP_ALL_MEMBERS/Documentation/Collection_Charts/z_Archive/03-19-2018': Waiting for checks to finish
2018/03/19 12:13:22 Google drive root 'SMaPP_2017/SMAPP_ALL_MEMBERS/Documentation/Collection_Charts/z_Archive/03-19-2018': Waiting for transfers to finish
2018/03/19 12:13:24 
Transferred:   36.523 kBytes (10.807 kBytes/s)
Errors:                 0
Checks:                 0
Transferred:            1
Elapsed time:        3.3s
2018/03/19 12:13:25 Google drive root 'SMaPP_2017/SMAPP_ALL_MEMBERS/Documentation/Collection_Charts': Waiting for checks to finish
2018/03/19 12:13:25 Google drive root 'SMaPP_2017/SMAPP_ALL_MEMBERS/Documentation/Collection_Charts': Waiting for transfers to finish
2018/03/19 12:13:26 
Transferred:   36.538 kBytes (15.552 kBytes/s)
Errors:                 0
Checks:                 1
Transferred:            1
Elapsed time:        2.3s
2018/03/19 12:13:28 Google drive root 'SMaPP_2017/SMAPP_ALL_MEMBERS/Documentation/Collection_Charts/z_Archive/03-19-2018': Waiting for checks to finish
2018/03/19 12:13:28 Google drive root 'SMaPP_2017/SMAPP_ALL_MEMBERS/Documentation/Collection_Charts/z_Archive/03-19-2018': Waiting for transfers to finish
2018/03/19 12:13:29 
Transferred:   36.538 kBytes (14.031 kBytes/s)
Errors:                 0
Checks:                 0
Transferred:            1
Elapsed time:        2.6s
2018/03/19 12:13:39 Google drive root 'SMaPP_2017/SMAPP_ALL_MEMBERS/Documentation/Collection_Charts': Waiting for checks to finish
2018/03/19 12:13:39 Google drive root 'SMaPP_2017/SMAPP_ALL_MEMBERS/Documentation/Collection_Charts': Waiting for transfers to finish
2018/03/19 12:13:40 
Transferred:   35.323 kBytes (3.309 kBytes/s)
Errors:                 0
Checks:                 1
Transferred:            1
Elapsed time:       10.6s
2018/03/19 12:13:43 Google drive root 'SMaPP_2017/SMAPP_ALL_MEMBERS/Documentation/Collection_Charts/z_Archive/03-19-2018': Waiting for checks to finish
2018/03/19 12:13:43 Google drive root 'SMaPP_2017/SMAPP_ALL_MEMBERS/Documentation/Collection_Charts/z_Archive/03-19-2018': Waiting for transfers to finish
2018/03/19 12:13:45 
Transferred:   35.323 kBytes (7.734 kBytes/s)
Errors:                 0
Checks:                 0
Transferred:            1
Elapsed time:        4.5s
2018/03/19 12:13:47 Google drive root 'SMaPP_2017/SMAPP_ALL_MEMBERS/Documentation/Collection_Charts': Waiting for checks to finish
2018/03/19 12:13:47 Google drive root 'SMaPP_2017/SMAPP_ALL_MEMBERS/Documentation/Collection_Charts': Waiting for transfers to finish
2018/03/19 12:13:48 
Transferred:   38.614 kBytes (15.370 kBytes/s)
Errors:                 0
Checks:                 1
Transferred:            1
Elapsed time:        2.5s
2018/03/19 12:13:58 Google drive root 'SMaPP_2017/SMAPP_ALL_MEMBERS/Documentation/Collection_Charts/z_Archive/03-19-2018': Waiting for checks to finish
2018/03/19 12:13:58 Google drive root 'SMaPP_2017/SMAPP_ALL_MEMBERS/Documentation/Collection_Charts/z_Archive/03-19-2018': Waiting for transfers to finish
2018/03/19 12:13:59 
Transferred:   38.614 kBytes (3.335 kBytes/s)
Errors:                 0
Checks:                 0
Transferred:            1
Elapsed time:       11.5s
2018/03/19 12:14:06 Google drive root 'SMaPP_2017/SMAPP_ALL_MEMBERS/Documentation/Collection_Charts': Waiting for checks to finish
2018/03/19 12:14:06 Google drive root 'SMaPP_2017/SMAPP_ALL_MEMBERS/Documentation/Collection_Charts': Waiting for transfers to finish
2018/03/19 12:14:07 
Transferred:   38.801 kBytes (5.180 kBytes/s)
Errors:                 0
Checks:                 1
Transferred:            1
Elapsed time:        7.4s
2018/03/19 12:14:26 Google drive root 'SMaPP_2017/SMAPP_ALL_MEMBERS/Documentation/Collection_Charts/z_Archive/03-19-2018': Waiting for checks to finish
2018/03/19 12:14:26 Google drive root 'SMaPP_2017/SMAPP_ALL_MEMBERS/Documentation/Collection_Charts/z_Archive/03-19-2018': Waiting for transfers to finish
2018/03/19 12:14:29 
Transferred:   38.801 kBytes (1.828 kBytes/s)
Errors:                 0
Checks:                 0
Transferred:            1
Elapsed time:       21.2s
2018/03/19 12:14:39 Google drive root 'SMaPP_2017/SMAPP_ALL_MEMBERS/Documentation/Collection_Charts': Waiting for checks to finish
2018/03/19 12:14:39 Google drive root 'SMaPP_2017/SMAPP_ALL_MEMBERS/Documentation/Collection_Charts': Waiting for transfers to finish
2018/03/19 12:14:41 
Transferred:   37.643 kBytes (3.282 kBytes/s)
Errors:                 0
Checks:                 1
Transferred:            1
Elapsed time:       11.4s
2018/03/19 12:14:42 Google drive root 'SMaPP_2017/SMAPP_ALL_MEMBERS/Documentation/Collection_Charts/z_Archive/03-19-2018': Waiting for checks to finish
2018/03/19 12:14:42 Google drive root 'SMaPP_2017/SMAPP_ALL_MEMBERS/Documentation/Collection_Charts/z_Archive/03-19-2018': Waiting for transfers to finish
2018/03/19 12:14:44 
Transferred:   37.643 kBytes (11.756 kBytes/s)
Errors:                 0
Checks:                 0
Transferred:            1
Elapsed time:        3.2s
2018/03/19 12:14:46 Google drive root 'SMaPP_2017/SMAPP_ALL_MEMBERS/Documentation/Collection_Charts': Waiting for checks to finish
2018/03/19 12:14:46 Google drive root 'SMaPP_2017/SMAPP_ALL_MEMBERS/Documentation/Collection_Charts': Waiting for transfers to finish
2018/03/19 12:14:46 
Transferred:   32.072 kBytes (14.661 kBytes/s)
Errors:                 0
Checks:                 1
Transferred:            1
Elapsed time:        2.1s
2018/03/19 12:14:49 Google drive root 'SMaPP_2017/SMAPP_ALL_MEMBERS/Documentation/Collection_Charts/z_Archive/03-19-2018': Waiting for checks to finish
2018/03/19 12:14:49 Google drive root 'SMaPP_2017/SMAPP_ALL_MEMBERS/Documentation/Collection_Charts/z_Archive/03-19-2018': Waiting for transfers to finish
2018/03/19 12:15:01 
Transferred:   64.145 kBytes (4.465 kBytes/s)
Errors:                 0
Checks:                 0
Transferred:            1
Elapsed time:       14.3s
2018/03/19 12:15:03 Google drive root 'SMaPP_2017/SMAPP_ALL_MEMBERS/Documentation/Collection_Charts': Waiting for checks to finish
2018/03/19 12:15:03 Google drive root 'SMaPP_2017/SMAPP_ALL_MEMBERS/Documentation/Collection_Charts': Waiting for transfers to finish
2018/03/19 12:15:04 
Transferred:   39.723 kBytes (16.706 kBytes/s)
Errors:                 0
Checks:                 1
Transferred:            1
Elapsed time:        2.3s
2018/03/19 12:15:05 Google drive root 'SMaPP_2017/SMAPP_ALL_MEMBERS/Documentation/Collection_Charts/z_Archive/03-19-2018': Waiting for checks to finish
2018/03/19 12:15:05 Google drive root 'SMaPP_2017/SMAPP_ALL_MEMBERS/Documentation/Collection_Charts/z_Archive/03-19-2018': Waiting for transfers to finish
2018/03/19 12:15:06 
Transferred:   39.723 kBytes (16.092 kBytes/s)
Errors:                 0
Checks:                 0
Transferred:            1
Elapsed time:        2.4s
2018/03/19 12:15:20 Google drive root 'SMaPP_2017/SMAPP_ALL_MEMBERS/Documentation/Collection_Charts': Waiting for checks to finish
2018/03/19 12:15:20 Google drive root 'SMaPP_2017/SMAPP_ALL_MEMBERS/Documentation/Collection_Charts': Waiting for transfers to finish
2018/03/19 12:15:21 
Transferred:   37.747 kBytes (2.705 kBytes/s)
Errors:                 0
Checks:                 1
Transferred:            1
Elapsed time:       13.9s
2018/03/19 12:15:22 Google drive root 'SMaPP_2017/SMAPP_ALL_MEMBERS/Documentation/Collection_Charts/z_Archive/03-19-2018': Waiting for checks to finish
2018/03/19 12:15:22 Google drive root 'SMaPP_2017/SMAPP_ALL_MEMBERS/Documentation/Collection_Charts/z_Archive/03-19-2018': Waiting for transfers to finish
2018/03/19 12:15:24 
Transferred:   37.747 kBytes (12.747 kBytes/s)
Errors:                 0
Checks:                 0
Transferred:            1
Elapsed time:        2.9s
2018/03/19 12:15:25 Google drive root 'SMaPP_2017/SMAPP_ALL_MEMBERS/Documentation/Collection_Charts': Waiting for checks to finish
2018/03/19 12:15:25 Google drive root 'SMaPP_2017/SMAPP_ALL_MEMBERS/Documentation/Collection_Charts': Waiting for transfers to finish
2018/03/19 12:15:26 
Transferred:   39.053 kBytes (18.020 kBytes/s)
Errors:                 0
Checks:                 1
Transferred:            1
Elapsed time:        2.1s
2018/03/19 12:15:45 Google drive root 'SMaPP_2017/SMAPP_ALL_MEMBERS/Documentation/Collection_Charts/z_Archive/03-19-2018': Waiting for checks to finish
2018/03/19 12:15:45 Google drive root 'SMaPP_2017/SMAPP_ALL_MEMBERS/Documentation/Collection_Charts/z_Archive/03-19-2018': Waiting for transfers to finish
2018/03/19 12:15:46 
Transferred:   39.053 kBytes (1.922 kBytes/s)
Errors:                 0
Checks:                 0
Transferred:            1
Elapsed time:       20.3s
2018/03/19 12:16:05 Google drive root 'SMaPP_2017/SMAPP_ALL_MEMBERS/Documentation/Collection_Charts': Waiting for checks to finish
2018/03/19 12:16:05 Google drive root 'SMaPP_2017/SMAPP_ALL_MEMBERS/Documentation/Collection_Charts': Waiting for transfers to finish
2018/03/19 12:16:06 
Transferred:   41.849 kBytes (2.229 kBytes/s)
Errors:                 0
Checks:                 1
Transferred:            1
Elapsed time:       18.7s
2018/03/19 12:16:17 Google drive root 'SMaPP_2017/SMAPP_ALL_MEMBERS/Documentation/Collection_Charts/z_Archive/03-19-2018': Waiting for checks to finish
2018/03/19 12:16:17 Google drive root 'SMaPP_2017/SMAPP_ALL_MEMBERS/Documentation/Collection_Charts/z_Archive/03-19-2018': Waiting for transfers to finish
2018/03/19 12:16:26 
Transferred:   41.849 kBytes (2.027 kBytes/s)
Errors:                 0
Checks:                 0
Transferred:            1
Elapsed time:       20.6s
2018/03/19 12:16:45 Google drive root 'SMaPP_2017/SMAPP_ALL_MEMBERS/Documentation/Collection_Charts': Waiting for checks to finish
2018/03/19 12:16:45 Google drive root 'SMaPP_2017/SMAPP_ALL_MEMBERS/Documentation/Collection_Charts': Waiting for transfers to finish
2018/03/19 12:16:46 
Transferred:   37.943 kBytes (1.967 kBytes/s)
Errors:                 0
Checks:                 1
Transferred:            1
Elapsed time:       19.2s
2018/03/19 12:16:48 Google drive root 'SMaPP_2017/SMAPP_ALL_MEMBERS/Documentation/Collection_Charts/z_Archive/03-19-2018': Waiting for checks to finish
2018/03/19 12:16:48 Google drive root 'SMaPP_2017/SMAPP_ALL_MEMBERS/Documentation/Collection_Charts/z_Archive/03-19-2018': Waiting for transfers to finish
2018/03/19 12:16:49 
Transferred:   37.943 kBytes (13.616 kBytes/s)
Errors:                 0
Checks:                 0
Transferred:            1
Elapsed time:        2.7s
2018/03/19 12:16:59 Google drive root 'SMaPP_2017/SMAPP_ALL_MEMBERS/Documentation/Collection_Charts': Waiting for checks to finish
2018/03/19 12:16:59 Google drive root 'SMaPP_2017/SMAPP_ALL_MEMBERS/Documentation/Collection_Charts': Waiting for transfers to finish
2018/03/19 12:17:00 
Transferred:   40.099 kBytes (3.855 kBytes/s)
Errors:                 0
Checks:                 1
Transferred:            1
Elapsed time:       10.3s
2018/03/19 12:17:02 Google drive root 'SMaPP_2017/SMAPP_ALL_MEMBERS/Documentation/Collection_Charts/z_Archive/03-19-2018': Waiting for checks to finish
2018/03/19 12:17:02 Google drive root 'SMaPP_2017/SMAPP_ALL_MEMBERS/Documentation/Collection_Charts/z_Archive/03-19-2018': Waiting for transfers to finish
2018/03/19 12:17:03 
Transferred:   40.099 kBytes (12.972 kBytes/s)
Errors:                 0
Checks:                 0
Transferred:            1
Elapsed time:          3s
2018/03/19 12:17:08 Google drive root 'SMaPP_2017/SMAPP_ALL_MEMBERS/Documentation/Collection_Charts': Waiting for checks to finish
2018/03/19 12:17:08 Google drive root 'SMaPP_2017/SMAPP_ALL_MEMBERS/Documentation/Collection_Charts': Waiting for transfers to finish
2018/03/19 12:17:17 
Transferred:   195.479 kBytes (13.880 kBytes/s)
Errors:                 0
Checks:                 1
Transferred:            1
Elapsed time:         14s
2018/03/19 12:17:22 Google drive root 'SMaPP_2017/SMAPP_ALL_MEMBERS/Documentation/Collection_Charts/z_Archive/03-19-2018': Waiting for checks to finish
2018/03/19 12:17:22 Google drive root 'SMaPP_2017/SMAPP_ALL_MEMBERS/Documentation/Collection_Charts/z_Archive/03-19-2018': Waiting for transfers to finish
2018/03/19 12:17:23 
Transferred:   39.096 kBytes (7.800 kBytes/s)
Errors:                 0
Checks:                 0
Transferred:            1
Elapsed time:          5s
2018/03/19 12:17:25 Google drive root 'SMaPP_2017/SMAPP_ALL_MEMBERS/Documentation/Collection_Charts': Waiting for checks to finish
2018/03/19 12:17:25 Google drive root 'SMaPP_2017/SMAPP_ALL_MEMBERS/Documentation/Collection_Charts': Waiting for transfers to finish
2018/03/19 12:17:26 
Transferred:   37.124 kBytes (11.613 kBytes/s)
Errors:                 0
Checks:                 1
Transferred:            1
Elapsed time:        3.1s
2018/03/19 12:17:28 Google drive root 'SMaPP_2017/SMAPP_ALL_MEMBERS/Documentation/Collection_Charts/z_Archive/03-19-2018': Waiting for checks to finish
2018/03/19 12:17:28 Google drive root 'SMaPP_2017/SMAPP_ALL_MEMBERS/Documentation/Collection_Charts/z_Archive/03-19-2018': Waiting for transfers to finish
2018/03/19 12:17:29 
Transferred:   37.124 kBytes (13.925 kBytes/s)
Errors:                 0
Checks:                 0
Transferred:            1
Elapsed time:        2.6s
2018/03/19 12:17:39 Google drive root 'SMaPP_2017/SMAPP_ALL_MEMBERS/Documentation/Collection_Charts': Waiting for checks to finish
2018/03/19 12:17:39 Google drive root 'SMaPP_2017/SMAPP_ALL_MEMBERS/Documentation/Collection_Charts': Waiting for transfers to finish
2018/03/19 12:17:40 
Transferred:   37.637 kBytes (3.560 kBytes/s)
Errors:                 0
Checks:                 1
Transferred:            1
Elapsed time:       10.5s
2018/03/19 12:17:46 Google drive root 'SMaPP_2017/SMAPP_ALL_MEMBERS/Documentation/Collection_Charts/z_Archive/03-19-2018': Waiting for checks to finish
2018/03/19 12:17:46 Google drive root 'SMaPP_2017/SMAPP_ALL_MEMBERS/Documentation/Collection_Charts/z_Archive/03-19-2018': Waiting for transfers to finish
2018/03/19 12:17:49 
Transferred:   37.637 kBytes (4.199 kBytes/s)
Errors:                 0
Checks:                 0
Transferred:            1
Elapsed time:        8.9s
2018/03/19 12:18:00 Google drive root 'SMaPP_2017/SMAPP_ALL_MEMBERS/Documentation/Collection_Charts': Waiting for checks to finish
2018/03/19 12:18:00 Google drive root 'SMaPP_2017/SMAPP_ALL_MEMBERS/Documentation/Collection_Charts': Waiting for transfers to finish
2018/03/19 12:18:01 
Transferred:   38.636 kBytes (3.351 kBytes/s)
Errors:                 0
Checks:                 1
Transferred:            1
Elapsed time:       11.5s
2018/03/19 12:18:07 Google drive root 'SMaPP_2017/SMAPP_ALL_MEMBERS/Documentation/Collection_Charts/z_Archive/03-19-2018': Waiting for checks to finish
2018/03/19 12:18:07 Google drive root 'SMaPP_2017/SMAPP_ALL_MEMBERS/Documentation/Collection_Charts/z_Archive/03-19-2018': Waiting for transfers to finish
2018/03/19 12:18:09 
Transferred:   38.636 kBytes (5.009 kBytes/s)
Errors:                 0
Checks:                 0
Transferred:            1
Elapsed time:        7.7s
2018/03/19 12:18:19 Google drive root 'SMaPP_2017/SMAPP_ALL_MEMBERS/Documentation/Collection_Charts': Waiting for checks to finish
2018/03/19 12:18:19 Google drive root 'SMaPP_2017/SMAPP_ALL_MEMBERS/Documentation/Collection_Charts': Waiting for transfers to finish
2018/03/19 12:18:20 
Transferred:   36.204 kBytes (3.474 kBytes/s)
Errors:                 0
Checks:                 1
Transferred:            1
Elapsed time:       10.4s
2018/03/19 12:18:22 Google drive root 'SMaPP_2017/SMAPP_ALL_MEMBERS/Documentation/Collection_Charts/z_Archive/03-19-2018': Waiting for checks to finish
2018/03/19 12:18:22 Google drive root 'SMaPP_2017/SMAPP_ALL_MEMBERS/Documentation/Collection_Charts/z_Archive/03-19-2018': Waiting for transfers to finish
2018/03/19 12:18:24 
Transferred:   36.204 kBytes (8.752 kBytes/s)
Errors:                 0
Checks:                 0
Transferred:            1
Elapsed time:        4.1s
2018/03/19 12:18:26 Google drive root 'SMaPP_2017/SMAPP_ALL_MEMBERS/Documentation/Collection_Charts': Waiting for checks to finish
2018/03/19 12:18:26 Google drive root 'SMaPP_2017/SMAPP_ALL_MEMBERS/Documentation/Collection_Charts': Waiting for transfers to finish
2018/03/19 12:18:27 
Transferred:   37.601 kBytes (14.978 kBytes/s)
Errors:                 0
Checks:                 1
Transferred:            1
Elapsed time:        2.5s
2018/03/19 12:18:40 Google drive root 'SMaPP_2017/SMAPP_ALL_MEMBERS/Documentation/Collection_Charts/z_Archive/03-19-2018': Waiting for checks to finish
2018/03/19 12:18:40 Google drive root 'SMaPP_2017/SMAPP_ALL_MEMBERS/Documentation/Collection_Charts/z_Archive/03-19-2018': Waiting for transfers to finish
2018/03/19 12:18:41 
Transferred:   37.601 kBytes (2.620 kBytes/s)
Errors:                 0
Checks:                 0
Transferred:            1
Elapsed time:       14.3s
2018/03/19 12:18:44 Google drive root 'SMaPP_2017/SMAPP_ALL_MEMBERS/Documentation/Collection_Charts': Waiting for checks to finish
2018/03/19 12:18:44 Google drive root 'SMaPP_2017/SMAPP_ALL_MEMBERS/Documentation/Collection_Charts': Waiting for transfers to finish
2018/03/19 12:18:45 
Transferred:   35.071 kBytes (11.987 kBytes/s)
Errors:                 0
Checks:                 1
Transferred:            1
Elapsed time:        2.9s
2018/03/19 12:18:46 Google drive root 'SMaPP_2017/SMAPP_ALL_MEMBERS/Documentation/Collection_Charts/z_Archive/03-19-2018': Waiting for checks to finish
2018/03/19 12:18:46 Google drive root 'SMaPP_2017/SMAPP_ALL_MEMBERS/Documentation/Collection_Charts/z_Archive/03-19-2018': Waiting for transfers to finish
2018/03/19 12:18:48 
Transferred:   35.071 kBytes (11.667 kBytes/s)
Errors:                 0
Checks:                 0
Transferred:            1
Elapsed time:          3s
2018/03/19 12:18:58 Google drive root 'SMaPP_2017/SMAPP_ALL_MEMBERS/Documentation/Collection_Charts': Waiting for checks to finish
2018/03/19 12:18:58 Google drive root 'SMaPP_2017/SMAPP_ALL_MEMBERS/Documentation/Collection_Charts': Waiting for transfers to finish
2018/03/19 12:18:59 
Transferred:   35.730 kBytes (3.248 kBytes/s)
Errors:                 0
Checks:                 1
Transferred:            1
Elapsed time:         11s
2018/03/19 12:19:01 Google drive root 'SMaPP_2017/SMAPP_ALL_MEMBERS/Documentation/Collection_Charts/z_Archive/03-19-2018': Waiting for checks to finish
2018/03/19 12:19:01 Google drive root 'SMaPP_2017/SMAPP_ALL_MEMBERS/Documentation/Collection_Charts/z_Archive/03-19-2018': Waiting for transfers to finish
2018/03/19 12:19:02 
Transferred:   35.730 kBytes (10.622 kBytes/s)
Errors:                 0
Checks:                 0
Transferred:            1
Elapsed time:        3.3s
2018/03/19 12:19:05 Google drive root 'SMaPP_2017/SMAPP_ALL_MEMBERS/Documentation/Collection_Charts': Waiting for checks to finish
2018/03/19 12:19:05 Google drive root 'SMaPP_2017/SMAPP_ALL_MEMBERS/Documentation/Collection_Charts': Waiting for transfers to finish
2018/03/19 12:19:06 
Transferred:   39.350 kBytes (15.210 kBytes/s)
Errors:                 0
Checks:                 1
Transferred:            1
Elapsed time:        2.5s
2018/03/19 12:19:08 Google drive root 'SMaPP_2017/SMAPP_ALL_MEMBERS/Documentation/Collection_Charts/z_Archive/03-19-2018': Waiting for checks to finish
2018/03/19 12:19:08 Google drive root 'SMaPP_2017/SMAPP_ALL_MEMBERS/Documentation/Collection_Charts/z_Archive/03-19-2018': Waiting for transfers to finish
2018/03/19 12:19:09 
Transferred:   39.350 kBytes (11.609 kBytes/s)
Errors:                 0
Checks:                 0
Transferred:            1
Elapsed time:        3.3s
2018/03/19 12:19:19 Google drive root 'SMaPP_2017/SMAPP_ALL_MEMBERS/Documentation/Collection_Charts': Waiting for checks to finish
2018/03/19 12:19:19 Google drive root 'SMaPP_2017/SMAPP_ALL_MEMBERS/Documentation/Collection_Charts': Waiting for transfers to finish
2018/03/19 12:19:20 
Transferred:   37.612 kBytes (3.584 kBytes/s)
Errors:                 0
Checks:                 1
Transferred:            1
Elapsed time:       10.4s
2018/03/19 12:19:22 Google drive root 'SMaPP_2017/SMAPP_ALL_MEMBERS/Documentation/Collection_Charts/z_Archive/03-19-2018': Waiting for checks to finish
2018/03/19 12:19:22 Google drive root 'SMaPP_2017/SMAPP_ALL_MEMBERS/Documentation/Collection_Charts/z_Archive/03-19-2018': Waiting for transfers to finish
2018/03/19 12:19:23 
Transferred:   37.612 kBytes (11.976 kBytes/s)
Errors:                 0
Checks:                 0
Transferred:            1
Elapsed time:        3.1s
2018/03/19 12:19:25 Google drive root 'SMaPP_2017/SMAPP_ALL_MEMBERS/Documentation/Collection_Charts': Waiting for checks to finish
2018/03/19 12:19:25 Google drive root 'SMaPP_2017/SMAPP_ALL_MEMBERS/Documentation/Collection_Charts': Waiting for transfers to finish
2018/03/19 12:19:26 
Transferred:   37.473 kBytes (16.460 kBytes/s)
Errors:                 0
Checks:                 1
Transferred:            1
Elapsed time:        2.2s
2018/03/19 12:19:46 Google drive root 'SMaPP_2017/SMAPP_ALL_MEMBERS/Documentation/Collection_Charts/z_Archive/03-19-2018': Waiting for checks to finish
2018/03/19 12:19:46 Google drive root 'SMaPP_2017/SMAPP_ALL_MEMBERS/Documentation/Collection_Charts/z_Archive/03-19-2018': Waiting for transfers to finish
2018/03/19 12:19:47 
Transferred:   37.473 kBytes (1.805 kBytes/s)
Errors:                 0
Checks:                 0
Transferred:            1
Elapsed time:       20.7s
2018/03/19 12:19:56 Google drive root 'SMaPP_2017/SMAPP_ALL_MEMBERS/Documentation/Collection_Charts': Waiting for checks to finish
2018/03/19 12:19:56 Google drive root 'SMaPP_2017/SMAPP_ALL_MEMBERS/Documentation/Collection_Charts': Waiting for transfers to finish
2018/03/19 12:20:06 
Transferred:   37.892 kBytes (2.029 kBytes/s)
Errors:                 0
Checks:                 1
Transferred:            1
Elapsed time:       18.6s
2018/03/19 12:20:17 Google drive root 'SMaPP_2017/SMAPP_ALL_MEMBERS/Documentation/Collection_Charts/z_Archive/03-19-2018': Waiting for checks to finish
2018/03/19 12:20:17 Google drive root 'SMaPP_2017/SMAPP_ALL_MEMBERS/Documentation/Collection_Charts/z_Archive/03-19-2018': Waiting for transfers to finish
2018/03/19 12:20:26 
Transferred:   37.892 kBytes (1.866 kBytes/s)
Errors:                 0
Checks:                 0
Transferred:            1
Elapsed time:       20.2s
2018/03/19 12:20:28 Google drive root 'SMaPP_2017/SMAPP_ALL_MEMBERS/Documentation/Collection_Charts': Waiting for checks to finish
2018/03/19 12:20:28 Google drive root 'SMaPP_2017/SMAPP_ALL_MEMBERS/Documentation/Collection_Charts': Waiting for transfers to finish
2018/03/19 12:20:29 
Transferred:   39.616 kBytes (16.492 kBytes/s)
Errors:                 0
Checks:                 1
Transferred:            1
Elapsed time:        2.4s
2018/03/19 12:20:38 Google drive root 'SMaPP_2017/SMAPP_ALL_MEMBERS/Documentation/Collection_Charts/z_Archive/03-19-2018': Waiting for checks to finish
2018/03/19 12:20:38 Google drive root 'SMaPP_2017/SMAPP_ALL_MEMBERS/Documentation/Collection_Charts/z_Archive/03-19-2018': Waiting for transfers to finish
2018/03/19 12:20:39 
Transferred:   39.616 kBytes (3.771 kBytes/s)
Errors:                 0
Checks:                 0
Transferred:            1
Elapsed time:       10.5s
2018/03/19 12:20:53 Google drive root 'SMaPP_2017/SMAPP_ALL_MEMBERS/Documentation/Collection_Charts': Waiting for checks to finish
2018/03/19 12:20:53 Google drive root 'SMaPP_2017/SMAPP_ALL_MEMBERS/Documentation/Collection_Charts': Waiting for transfers to finish
2018/03/19 12:20:54 
Transferred:   39.396 kBytes (2.704 kBytes/s)
Errors:                 0
Checks:                 1
Transferred:            1
Elapsed time:       14.5s
2018/03/19 12:20:57 Google drive root 'SMaPP_2017/SMAPP_ALL_MEMBERS/Documentation/Collection_Charts/z_Archive/03-19-2018': Waiting for checks to finish
2018/03/19 12:20:57 Google drive root 'SMaPP_2017/SMAPP_ALL_MEMBERS/Documentation/Collection_Charts/z_Archive/03-19-2018': Waiting for transfers to finish
2018/03/19 12:20:58 
Transferred:   39.396 kBytes (11.407 kBytes/s)
Errors:                 0
Checks:                 0
Transferred:            1
Elapsed time:        3.4s
/home/nhb228/anaconda3/lib/python3.6/site-packages/matplotlib/pyplot.py:524: RuntimeWarning: More than 20 figures have been opened. Figures created through the pyplot interface (`matplotlib.pyplot.figure`) are retained until explicitly closed and may consume too much memory. (To control this warning, see the rcParam `figure.max_open_warning`).
  max_open_warning, RuntimeWarning)
