2018/04/06 14:29:29 Google drive root 'SMaPP_2017/SMAPP_ALL_MEMBERS/Documentation/Collection_Charts': Waiting for checks to finish
2018/04/06 14:29:29 Google drive root 'SMaPP_2017/SMAPP_ALL_MEMBERS/Documentation/Collection_Charts': Waiting for transfers to finish
2018/04/06 14:29:34 
Transferred:   55.768 kBytes (3.489 kBytes/s)
Errors:                 0
Checks:                 1
Transferred:            1
Elapsed time:       15.9s
2018/04/06 14:29:36 Google drive root 'SMaPP_2017/SMAPP_ALL_MEMBERS/Documentation/Collection_Charts': Waiting for checks to finish
2018/04/06 14:29:37 Google drive root 'SMaPP_2017/SMAPP_ALL_MEMBERS/Documentation/Collection_Charts': Waiting for transfers to finish
2018/04/06 14:29:37 
Transferred:      0 Bytes (0 Bytes/s)
Errors:                 0
Checks:                 1
Transferred:            0
Elapsed time:        1.8s
2018/04/06 14:29:38 Google drive root 'SMaPP_2017/SMAPP_ALL_MEMBERS/Documentation/Collection_Charts': Waiting for checks to finish
2018/04/06 14:29:39 Google drive root 'SMaPP_2017/SMAPP_ALL_MEMBERS/Documentation/Collection_Charts': Waiting for transfers to finish
2018/04/06 14:29:39 
Transferred:      0 Bytes (0 Bytes/s)
Errors:                 0
Checks:                 1
Transferred:            0
Elapsed time:        1.4s
2018/04/06 14:29:40 Google drive root 'SMaPP_2017/SMAPP_ALL_MEMBERS/Documentation/Collection_Charts': Waiting for checks to finish
2018/04/06 14:29:40 Google drive root 'SMaPP_2017/SMAPP_ALL_MEMBERS/Documentation/Collection_Charts': Waiting for transfers to finish
2018/04/06 14:29:41 
Transferred:   45.419 kBytes (24.457 kBytes/s)
Errors:                 0
Checks:                 1
Transferred:            1
Elapsed time:        1.8s
2018/04/06 14:29:43 Google drive root 'SMaPP_2017/SMAPP_ALL_MEMBERS/Documentation/Collection_Charts': Waiting for checks to finish
2018/04/06 14:29:43 Google drive root 'SMaPP_2017/SMAPP_ALL_MEMBERS/Documentation/Collection_Charts': Waiting for transfers to finish
2018/04/06 14:29:44 
Transferred:   36.620 kBytes (18.358 kBytes/s)
Errors:                 0
Checks:                 1
Transferred:            1
Elapsed time:        1.9s
2018/04/06 14:29:47 Google drive root 'SMaPP_2017/SMAPP_ALL_MEMBERS/Documentation/Collection_Charts': Waiting for checks to finish
2018/04/06 14:29:47 Google drive root 'SMaPP_2017/SMAPP_ALL_MEMBERS/Documentation/Collection_Charts': Waiting for transfers to finish
2018/04/06 14:29:47 
Transferred:      0 Bytes (0 Bytes/s)
Errors:                 0
Checks:                 1
Transferred:            0
Elapsed time:        3.1s
2018/04/06 14:29:50 Google drive root 'SMaPP_2017/SMAPP_ALL_MEMBERS/Documentation/Collection_Charts': Waiting for checks to finish
2018/04/06 14:29:50 Google drive root 'SMaPP_2017/SMAPP_ALL_MEMBERS/Documentation/Collection_Charts': Waiting for transfers to finish
2018/04/06 14:29:50 
Transferred:   54.200 kBytes (24.024 kBytes/s)
Errors:                 0
Checks:                 1
Transferred:            1
Elapsed time:        2.2s
2018/04/06 14:29:52 Google drive root 'SMaPP_2017/SMAPP_ALL_MEMBERS/Documentation/Collection_Charts': Waiting for checks to finish
2018/04/06 14:29:52 Google drive root 'SMaPP_2017/SMAPP_ALL_MEMBERS/Documentation/Collection_Charts': Waiting for transfers to finish
2018/04/06 14:29:53 
Transferred:   32.362 kBytes (19.075 kBytes/s)
Errors:                 0
Checks:                 1
Transferred:            1
Elapsed time:        1.6s
2018/04/06 14:29:54 Google drive root 'SMaPP_2017/SMAPP_ALL_MEMBERS/Documentation/Collection_Charts': Waiting for checks to finish
2018/04/06 14:29:54 Google drive root 'SMaPP_2017/SMAPP_ALL_MEMBERS/Documentation/Collection_Charts': Waiting for transfers to finish
2018/04/06 14:29:55 
Transferred:   39.484 kBytes (21.326 kBytes/s)
Errors:                 0
Checks:                 1
Transferred:            1
Elapsed time:        1.8s
2018/04/06 14:29:57 Google drive root 'SMaPP_2017/SMAPP_ALL_MEMBERS/Documentation/Collection_Charts': Waiting for checks to finish
2018/04/06 14:29:57 Google drive root 'SMaPP_2017/SMAPP_ALL_MEMBERS/Documentation/Collection_Charts': Waiting for transfers to finish
2018/04/06 14:29:57 
Transferred:      0 Bytes (0 Bytes/s)
Errors:                 0
Checks:                 1
Transferred:            0
Elapsed time:        1.3s
2018/04/06 14:29:59 Google drive root 'SMaPP_2017/SMAPP_ALL_MEMBERS/Documentation/Collection_Charts': Waiting for checks to finish
2018/04/06 14:29:59 Google drive root 'SMaPP_2017/SMAPP_ALL_MEMBERS/Documentation/Collection_Charts': Waiting for transfers to finish
2018/04/06 14:29:59 
Transferred:      0 Bytes (0 Bytes/s)
Errors:                 0
Checks:                 1
Transferred:            0
Elapsed time:        1.4s
2018/04/06 14:30:14 Google drive root 'SMaPP_2017/SMAPP_ALL_MEMBERS/Documentation/Collection_Charts': Waiting for checks to finish
2018/04/06 14:30:14 Google drive root 'SMaPP_2017/SMAPP_ALL_MEMBERS/Documentation/Collection_Charts': Waiting for transfers to finish
2018/04/06 14:30:15 
Transferred:   51.269 kBytes (3.388 kBytes/s)
Errors:                 0
Checks:                 1
Transferred:            1
Elapsed time:       15.1s
2018/04/06 14:30:18 Google drive root 'SMaPP_2017/SMAPP_ALL_MEMBERS/Documentation/Collection_Charts': Waiting for checks to finish
2018/04/06 14:30:18 Google drive root 'SMaPP_2017/SMAPP_ALL_MEMBERS/Documentation/Collection_Charts': Waiting for transfers to finish
2018/04/06 14:30:21 
Transferred:   44.907 kBytes (7.906 kBytes/s)
Errors:                 0
Checks:                 1
Transferred:            1
Elapsed time:        5.6s
2018/04/06 14:30:28 Google drive root 'SMaPP_2017/SMAPP_ALL_MEMBERS/Documentation/Collection_Charts': Waiting for checks to finish
2018/04/06 14:30:29 Google drive root 'SMaPP_2017/SMAPP_ALL_MEMBERS/Documentation/Collection_Charts': Waiting for transfers to finish
2018/04/06 14:30:29 
Transferred:      0 Bytes (0 Bytes/s)
Errors:                 0
Checks:                 1
Transferred:            0
Elapsed time:        7.2s
2018/04/06 14:30:36 Google drive root 'SMaPP_2017/SMAPP_ALL_MEMBERS/Documentation/Collection_Charts': Waiting for checks to finish
2018/04/06 14:30:36 Google drive root 'SMaPP_2017/SMAPP_ALL_MEMBERS/Documentation/Collection_Charts': Waiting for transfers to finish
2018/04/06 14:30:36 
Transferred:      0 Bytes (0 Bytes/s)
Errors:                 0
Checks:                 1
Transferred:            0
Elapsed time:        6.3s
2018/04/06 14:30:42 Google drive root 'SMaPP_2017/SMAPP_ALL_MEMBERS/Documentation/Collection_Charts': Waiting for checks to finish
2018/04/06 14:30:42 Google drive root 'SMaPP_2017/SMAPP_ALL_MEMBERS/Documentation/Collection_Charts': Waiting for transfers to finish
2018/04/06 14:30:43 
Transferred:   51.587 kBytes (7.682 kBytes/s)
Errors:                 0
Checks:                 1
Transferred:            1
Elapsed time:        6.7s
2018/04/06 14:30:53 Google drive root 'SMaPP_2017/SMAPP_ALL_MEMBERS/Documentation/Collection_Charts': Waiting for checks to finish
2018/04/06 14:30:53 Google drive root 'SMaPP_2017/SMAPP_ALL_MEMBERS/Documentation/Collection_Charts': Waiting for transfers to finish
2018/04/06 14:30:53 
Transferred:      0 Bytes (0 Bytes/s)
Errors:                 0
Checks:                 1
Transferred:            0
Elapsed time:        9.4s
2018/04/06 14:30:55 Google drive root 'SMaPP_2017/SMAPP_ALL_MEMBERS/Documentation/Collection_Charts': Waiting for checks to finish
2018/04/06 14:30:55 Google drive root 'SMaPP_2017/SMAPP_ALL_MEMBERS/Documentation/Collection_Charts': Waiting for transfers to finish
2018/04/06 14:30:55 
Transferred:      0 Bytes (0 Bytes/s)
Errors:                 0
Checks:                 1
Transferred:            0
Elapsed time:        1.3s
2018/04/06 14:31:02 Google drive root 'SMaPP_2017/SMAPP_ALL_MEMBERS/Documentation/Collection_Charts': Waiting for checks to finish
2018/04/06 14:31:02 Google drive root 'SMaPP_2017/SMAPP_ALL_MEMBERS/Documentation/Collection_Charts': Waiting for transfers to finish
2018/04/06 14:31:02 
Transferred:      0 Bytes (0 Bytes/s)
Errors:                 0
Checks:                 1
Transferred:            0
Elapsed time:        6.4s
2018/04/06 14:31:09 Google drive root 'SMaPP_2017/SMAPP_ALL_MEMBERS/Documentation/Collection_Charts': Waiting for checks to finish
2018/04/06 14:31:09 Google drive root 'SMaPP_2017/SMAPP_ALL_MEMBERS/Documentation/Collection_Charts': Waiting for transfers to finish
2018/04/06 14:31:09 
Transferred:      0 Bytes (0 Bytes/s)
Errors:                 0
Checks:                 1
Transferred:            0
Elapsed time:        6.3s
2018/04/06 14:31:17 Google drive root 'SMaPP_2017/SMAPP_ALL_MEMBERS/Documentation/Collection_Charts': Waiting for checks to finish
2018/04/06 14:31:17 Google drive root 'SMaPP_2017/SMAPP_ALL_MEMBERS/Documentation/Collection_Charts': Waiting for transfers to finish
2018/04/06 14:31:17 
Transferred:      0 Bytes (0 Bytes/s)
Errors:                 0
Checks:                 1
Transferred:            0
Elapsed time:        6.3s
2018/04/06 14:31:23 Google drive root 'SMaPP_2017/SMAPP_ALL_MEMBERS/Documentation/Collection_Charts': Waiting for checks to finish
2018/04/06 14:31:23 Google drive root 'SMaPP_2017/SMAPP_ALL_MEMBERS/Documentation/Collection_Charts': Waiting for transfers to finish
2018/04/06 14:31:28 
Transferred:   197.863 kBytes (18.255 kBytes/s)
Errors:                 0
Checks:                 1
Transferred:            1
Elapsed time:       10.8s
2018/04/06 14:31:35 Google drive root 'SMaPP_2017/SMAPP_ALL_MEMBERS/Documentation/Collection_Charts': Waiting for checks to finish
2018/04/06 14:31:35 Google drive root 'SMaPP_2017/SMAPP_ALL_MEMBERS/Documentation/Collection_Charts': Waiting for transfers to finish
2018/04/06 14:31:36 
Transferred:   51.440 kBytes (7.674 kBytes/s)
Errors:                 0
Checks:                 1
Transferred:            1
Elapsed time:        6.7s
2018/04/06 14:31:42 Google drive root 'SMaPP_2017/SMAPP_ALL_MEMBERS/Documentation/Collection_Charts': Waiting for checks to finish
2018/04/06 14:31:42 Google drive root 'SMaPP_2017/SMAPP_ALL_MEMBERS/Documentation/Collection_Charts': Waiting for transfers to finish
2018/04/06 14:31:43 
Transferred:   58.997 kBytes (8.721 kBytes/s)
Errors:                 0
Checks:                 1
Transferred:            1
Elapsed time:        6.7s
2018/04/06 14:31:49 Google drive root 'SMaPP_2017/SMAPP_ALL_MEMBERS/Documentation/Collection_Charts': Waiting for checks to finish
2018/04/06 14:31:49 Google drive root 'SMaPP_2017/SMAPP_ALL_MEMBERS/Documentation/Collection_Charts': Waiting for transfers to finish
2018/04/06 14:31:50 
Transferred:   50.852 kBytes (7.687 kBytes/s)
Errors:                 0
Checks:                 1
Transferred:            1
Elapsed time:        6.6s
2018/04/06 14:31:52 Google drive root 'SMaPP_2017/SMAPP_ALL_MEMBERS/Documentation/Collection_Charts': Waiting for checks to finish
2018/04/06 14:31:52 Google drive root 'SMaPP_2017/SMAPP_ALL_MEMBERS/Documentation/Collection_Charts': Waiting for transfers to finish
2018/04/06 14:31:52 
Transferred:   37.956 kBytes (20.088 kBytes/s)
Errors:                 0
Checks:                 1
Transferred:            1
Elapsed time:        1.8s
2018/04/06 14:31:59 Google drive root 'SMaPP_2017/SMAPP_ALL_MEMBERS/Documentation/Collection_Charts': Waiting for checks to finish
2018/04/06 14:31:59 Google drive root 'SMaPP_2017/SMAPP_ALL_MEMBERS/Documentation/Collection_Charts': Waiting for transfers to finish
2018/04/06 14:32:00 
Transferred:   59.438 kBytes (8.865 kBytes/s)
Errors:                 0
Checks:                 1
Transferred:            1
Elapsed time:        6.7s
2018/04/06 14:32:10 Google drive root 'SMaPP_2017/SMAPP_ALL_MEMBERS/Documentation/Collection_Charts': Waiting for checks to finish
2018/04/06 14:32:10 Google drive root 'SMaPP_2017/SMAPP_ALL_MEMBERS/Documentation/Collection_Charts': Waiting for transfers to finish
2018/04/06 14:32:10 
Transferred:      0 Bytes (0 Bytes/s)
Errors:                 0
Checks:                 1
Transferred:            0
Elapsed time:         10s
2018/04/06 14:32:12 Google drive root 'SMaPP_2017/SMAPP_ALL_MEMBERS/Documentation/Collection_Charts': Waiting for checks to finish
2018/04/06 14:32:12 Google drive root 'SMaPP_2017/SMAPP_ALL_MEMBERS/Documentation/Collection_Charts': Waiting for transfers to finish
2018/04/06 14:32:12 
Transferred:      0 Bytes (0 Bytes/s)
Errors:                 0
Checks:                 1
Transferred:            0
Elapsed time:        1.4s
2018/04/06 14:32:19 Google drive root 'SMaPP_2017/SMAPP_ALL_MEMBERS/Documentation/Collection_Charts': Waiting for checks to finish
2018/04/06 14:32:19 Google drive root 'SMaPP_2017/SMAPP_ALL_MEMBERS/Documentation/Collection_Charts': Waiting for transfers to finish
2018/04/06 14:32:20 
Transferred:   42.231 kBytes (6.254 kBytes/s)
Errors:                 0
Checks:                 1
Transferred:            1
Elapsed time:        6.7s
2018/04/06 14:32:22 Google drive root 'SMaPP_2017/SMAPP_ALL_MEMBERS/Documentation/Collection_Charts': Waiting for checks to finish
2018/04/06 14:32:22 Google drive root 'SMaPP_2017/SMAPP_ALL_MEMBERS/Documentation/Collection_Charts': Waiting for transfers to finish
2018/04/06 14:32:22 
Transferred:      0 Bytes (0 Bytes/s)
Errors:                 0
Checks:                 1
Transferred:            0
Elapsed time:        1.7s
2018/04/06 14:32:24 Google drive root 'SMaPP_2017/SMAPP_ALL_MEMBERS/Documentation/Collection_Charts': Waiting for checks to finish
2018/04/06 14:32:24 Google drive root 'SMaPP_2017/SMAPP_ALL_MEMBERS/Documentation/Collection_Charts': Waiting for transfers to finish
2018/04/06 14:32:24 
Transferred:   54.085 kBytes (30.104 kBytes/s)
Errors:                 0
Checks:                 1
Transferred:            1
Elapsed time:        1.7s
2018/04/06 14:32:30 Google drive root 'SMaPP_2017/SMAPP_ALL_MEMBERS/Documentation/Collection_Charts': Waiting for checks to finish
2018/04/06 14:32:30 Google drive root 'SMaPP_2017/SMAPP_ALL_MEMBERS/Documentation/Collection_Charts': Waiting for transfers to finish
2018/04/06 14:32:31 
Transferred:   62.106 kBytes (10.607 kBytes/s)
Errors:                 0
Checks:                 1
Transferred:            1
Elapsed time:        5.8s
2018/04/06 14:32:33 Google drive root 'SMaPP_2017/SMAPP_ALL_MEMBERS/Documentation/Collection_Charts': Waiting for checks to finish
2018/04/06 14:32:33 Google drive root 'SMaPP_2017/SMAPP_ALL_MEMBERS/Documentation/Collection_Charts': Waiting for transfers to finish
2018/04/06 14:32:33 
Transferred:      0 Bytes (0 Bytes/s)
Errors:                 0
Checks:                 1
Transferred:            0
Elapsed time:        1.3s
2018/04/06 14:32:34 Google drive root 'SMaPP_2017/SMAPP_ALL_MEMBERS/Documentation/Collection_Charts': Waiting for checks to finish
2018/04/06 14:32:35 Google drive root 'SMaPP_2017/SMAPP_ALL_MEMBERS/Documentation/Collection_Charts': Waiting for transfers to finish
2018/04/06 14:32:35 
Transferred:      0 Bytes (0 Bytes/s)
Errors:                 0
Checks:                 1
Transferred:            0
Elapsed time:        1.2s
2018/04/06 14:32:36 Google drive root 'SMaPP_2017/SMAPP_ALL_MEMBERS/Documentation/Collection_Charts': Waiting for checks to finish
2018/04/06 14:32:37 Google drive root 'SMaPP_2017/SMAPP_ALL_MEMBERS/Documentation/Collection_Charts': Waiting for transfers to finish
2018/04/06 14:32:37 
Transferred:      0 Bytes (0 Bytes/s)
Errors:                 0
Checks:                 1
Transferred:            0
Elapsed time:        1.3s
2018/04/06 14:32:44 Google drive root 'SMaPP_2017/SMAPP_ALL_MEMBERS/Documentation/Collection_Charts': Waiting for checks to finish
2018/04/06 14:32:44 Google drive root 'SMaPP_2017/SMAPP_ALL_MEMBERS/Documentation/Collection_Charts': Waiting for transfers to finish
2018/04/06 14:32:48 
Transferred:   208.266 kBytes (18.669 kBytes/s)
Errors:                 0
Checks:                 1
Transferred:            1
Elapsed time:       11.1s
2018/04/06 14:32:50 Google drive root 'SMaPP_2017/SMAPP_ALL_MEMBERS/Documentation/Collection_Charts': Waiting for checks to finish
2018/04/06 14:32:50 Google drive root 'SMaPP_2017/SMAPP_ALL_MEMBERS/Documentation/Collection_Charts': Waiting for transfers to finish
2018/04/06 14:32:51 
Transferred:   46.403 kBytes (24.208 kBytes/s)
Errors:                 0
Checks:                 1
Transferred:            1
Elapsed time:        1.9s
2018/04/06 14:32:53 Google drive root 'SMaPP_2017/SMAPP_ALL_MEMBERS/Documentation/Collection_Charts': Waiting for checks to finish
2018/04/06 14:32:53 Google drive root 'SMaPP_2017/SMAPP_ALL_MEMBERS/Documentation/Collection_Charts': Waiting for transfers to finish
2018/04/06 14:32:53 
Transferred:      0 Bytes (0 Bytes/s)
Errors:                 0
Checks:                 1
Transferred:            0
Elapsed time:        1.3s
2018/04/06 14:32:55 Google drive root 'SMaPP_2017/SMAPP_ALL_MEMBERS/Documentation/Collection_Charts': Waiting for checks to finish
2018/04/06 14:32:55 Google drive root 'SMaPP_2017/SMAPP_ALL_MEMBERS/Documentation/Collection_Charts': Waiting for transfers to finish
2018/04/06 14:32:56 
Transferred:   52.025 kBytes (26.252 kBytes/s)
Errors:                 0
Checks:                 1
Transferred:            1
Elapsed time:        1.9s
2018/04/06 14:32:57 Google drive root 'SMaPP_2017/SMAPP_ALL_MEMBERS/Documentation/Collection_Charts': Waiting for checks to finish
2018/04/06 14:32:57 Google drive root 'SMaPP_2017/SMAPP_ALL_MEMBERS/Documentation/Collection_Charts': Waiting for transfers to finish
2018/04/06 14:32:58 
Transferred:   44.959 kBytes (26.245 kBytes/s)
Errors:                 0
Checks:                 1
Transferred:            1
Elapsed time:        1.7s
2018/04/06 14:32:59 Google drive root 'SMaPP_2017/SMAPP_ALL_MEMBERS/Documentation/Collection_Charts': Waiting for checks to finish
2018/04/06 14:32:59 Google drive root 'SMaPP_2017/SMAPP_ALL_MEMBERS/Documentation/Collection_Charts': Waiting for transfers to finish
2018/04/06 14:33:00 
Transferred:   46.093 kBytes (25.666 kBytes/s)
Errors:                 0
Checks:                 1
Transferred:            1
Elapsed time:        1.7s
2018/04/06 14:33:02 Google drive root 'SMaPP_2017/SMAPP_ALL_MEMBERS/Documentation/Collection_Charts': Waiting for checks to finish
2018/04/06 14:33:02 Google drive root 'SMaPP_2017/SMAPP_ALL_MEMBERS/Documentation/Collection_Charts': Waiting for transfers to finish
2018/04/06 14:33:03 
Transferred:   54.553 kBytes (29.656 kBytes/s)
Errors:                 0
Checks:                 1
Transferred:            1
Elapsed time:        1.8s
2018/04/06 14:33:08 Google drive root 'SMaPP_2017/SMAPP_ALL_MEMBERS/Documentation/Collection_Charts': Waiting for checks to finish
2018/04/06 14:33:08 Google drive root 'SMaPP_2017/SMAPP_ALL_MEMBERS/Documentation/Collection_Charts': Waiting for transfers to finish
2018/04/06 14:33:13 
Transferred:   37.499 kBytes (3.862 kBytes/s)
Errors:                 0
Checks:                 1
Transferred:            1
Elapsed time:        9.7s
2018/04/06 14:33:15 Google drive root 'SMaPP_2017/SMAPP_ALL_MEMBERS/Documentation/Collection_Charts': Waiting for checks to finish
2018/04/06 14:33:15 Google drive root 'SMaPP_2017/SMAPP_ALL_MEMBERS/Documentation/Collection_Charts': Waiting for transfers to finish
2018/04/06 14:33:15 
Transferred:   36.649 kBytes (17.927 kBytes/s)
Errors:                 0
Checks:                 1
Transferred:            1
Elapsed time:          2s
2018/04/06 14:33:21 Google drive root 'SMaPP_2017/SMAPP_ALL_MEMBERS/Documentation/Collection_Charts': Waiting for checks to finish
2018/04/06 14:33:22 Google drive root 'SMaPP_2017/SMAPP_ALL_MEMBERS/Documentation/Collection_Charts': Waiting for transfers to finish
2018/04/06 14:33:22 
Transferred:      0 Bytes (0 Bytes/s)
Errors:                 0
Checks:                 1
Transferred:            0
Elapsed time:        5.2s
2018/04/06 14:33:23 Google drive root 'SMaPP_2017/SMAPP_ALL_MEMBERS/Documentation/Collection_Charts': Waiting for checks to finish
2018/04/06 14:33:23 Google drive root 'SMaPP_2017/SMAPP_ALL_MEMBERS/Documentation/Collection_Charts': Waiting for transfers to finish
2018/04/06 14:33:24 
Transferred:   40.221 kBytes (17.467 kBytes/s)
Errors:                 0
Checks:                 1
Transferred:            1
Elapsed time:        2.3s
2018/04/06 14:33:30 Google drive root 'SMaPP_2017/SMAPP_ALL_MEMBERS/Documentation/Collection_Charts': Waiting for checks to finish
2018/04/06 14:33:30 Google drive root 'SMaPP_2017/SMAPP_ALL_MEMBERS/Documentation/Collection_Charts': Waiting for transfers to finish
2018/04/06 14:33:31 
Transferred:   38.311 kBytes (6.893 kBytes/s)
Errors:                 0
Checks:                 1
Transferred:            1
Elapsed time:        5.5s
2018/04/06 14:33:32 Google drive root 'SMaPP_2017/SMAPP_ALL_MEMBERS/Documentation/Collection_Charts': Waiting for checks to finish
2018/04/06 14:33:33 Google drive root 'SMaPP_2017/SMAPP_ALL_MEMBERS/Documentation/Collection_Charts': Waiting for transfers to finish
2018/04/06 14:33:33 
Transferred:      0 Bytes (0 Bytes/s)
Errors:                 0
Checks:                 1
Transferred:            0
Elapsed time:        1.6s
2018/04/06 14:33:34 Google drive root 'SMaPP_2017/SMAPP_ALL_MEMBERS/Documentation/Collection_Charts': Waiting for checks to finish
2018/04/06 14:33:34 Google drive root 'SMaPP_2017/SMAPP_ALL_MEMBERS/Documentation/Collection_Charts': Waiting for transfers to finish
2018/04/06 14:33:35 
Transferred:   36.009 kBytes (19.781 kBytes/s)
Errors:                 0
Checks:                 1
Transferred:            1
Elapsed time:        1.8s
2018/04/06 14:33:37 Google drive root 'SMaPP_2017/SMAPP_ALL_MEMBERS/Documentation/Collection_Charts': Waiting for checks to finish
2018/04/06 14:33:37 Google drive root 'SMaPP_2017/SMAPP_ALL_MEMBERS/Documentation/Collection_Charts': Waiting for transfers to finish
2018/04/06 14:33:38 
Transferred:   54.193 kBytes (26.566 kBytes/s)
Errors:                 0
Checks:                 1
Transferred:            1
Elapsed time:          2s
2018/04/06 14:33:39 Google drive root 'SMaPP_2017/SMAPP_ALL_MEMBERS/Documentation/Collection_Charts': Waiting for checks to finish
2018/04/06 14:33:39 Google drive root 'SMaPP_2017/SMAPP_ALL_MEMBERS/Documentation/Collection_Charts': Waiting for transfers to finish
2018/04/06 14:33:40 
Transferred:   44.033 kBytes (24.579 kBytes/s)
Errors:                 0
Checks:                 1
Transferred:            1
Elapsed time:        1.7s
2018/04/06 14:33:41 Google drive root 'SMaPP_2017/SMAPP_ALL_MEMBERS/Documentation/Collection_Charts': Waiting for checks to finish
2018/04/06 14:33:42 Google drive root 'SMaPP_2017/SMAPP_ALL_MEMBERS/Documentation/Collection_Charts': Waiting for transfers to finish
2018/04/06 14:33:42 
Transferred:      0 Bytes (0 Bytes/s)
Errors:                 0
Checks:                 1
Transferred:            0
Elapsed time:        1.2s
2018/04/06 14:33:43 Google drive root 'SMaPP_2017/SMAPP_ALL_MEMBERS/Documentation/Collection_Charts': Waiting for checks to finish
2018/04/06 14:33:44 Google drive root 'SMaPP_2017/SMAPP_ALL_MEMBERS/Documentation/Collection_Charts': Waiting for transfers to finish
2018/04/06 14:33:44 
Transferred:      0 Bytes (0 Bytes/s)
Errors:                 0
Checks:                 1
Transferred:            0
Elapsed time:        1.2s
2018/04/06 14:33:53 Google drive root 'SMaPP_2017/SMAPP_ALL_MEMBERS/Documentation/Collection_Charts': Waiting for checks to finish
2018/04/06 14:33:53 Google drive root 'SMaPP_2017/SMAPP_ALL_MEMBERS/Documentation/Collection_Charts': Waiting for transfers to finish
2018/04/06 14:33:54 
Transferred:   59.943 kBytes (5.855 kBytes/s)
Errors:                 0
Checks:                 1
Transferred:            1
Elapsed time:       10.2s
2018/04/06 14:33:56 Google drive root 'SMaPP_2017/SMAPP_ALL_MEMBERS/Documentation/Collection_Charts': Waiting for checks to finish
2018/04/06 14:33:56 Google drive root 'SMaPP_2017/SMAPP_ALL_MEMBERS/Documentation/Collection_Charts': Waiting for transfers to finish
2018/04/06 14:33:57 
Transferred:   56.430 kBytes (28.241 kBytes/s)
Errors:                 0
Checks:                 1
Transferred:            1
Elapsed time:        1.9s
2018/04/06 14:33:59 Google drive root 'SMaPP_2017/SMAPP_ALL_MEMBERS/Documentation/Collection_Charts': Waiting for checks to finish
2018/04/06 14:33:59 Google drive root 'SMaPP_2017/SMAPP_ALL_MEMBERS/Documentation/Collection_Charts': Waiting for transfers to finish
2018/04/06 14:34:00 
Transferred:   36.840 kBytes (15.334 kBytes/s)
Errors:                 0
Checks:                 1
Transferred:            1
Elapsed time:        2.4s
2018/04/06 14:34:02 Google drive root 'SMaPP_2017/SMAPP_ALL_MEMBERS/Documentation/Collection_Charts': Waiting for checks to finish
2018/04/06 14:34:02 Google drive root 'SMaPP_2017/SMAPP_ALL_MEMBERS/Documentation/Collection_Charts': Waiting for transfers to finish
2018/04/06 14:34:02 
Transferred:      0 Bytes (0 Bytes/s)
Errors:                 0
Checks:                 1
Transferred:            0
Elapsed time:        1.8s
2018/04/06 14:34:08 Google drive root 'SMaPP_2017/SMAPP_ALL_MEMBERS/Documentation/Collection_Charts': Waiting for checks to finish
2018/04/06 14:34:08 Google drive root 'SMaPP_2017/SMAPP_ALL_MEMBERS/Documentation/Collection_Charts': Waiting for transfers to finish
2018/04/06 14:34:13 
Transferred:   63.337 kBytes (6.563 kBytes/s)
Errors:                 0
Checks:                 1
Transferred:            1
Elapsed time:        9.6s
2018/04/06 14:34:14 Google drive root 'SMaPP_2017/SMAPP_ALL_MEMBERS/Documentation/Collection_Charts': Waiting for checks to finish
2018/04/06 14:34:14 Google drive root 'SMaPP_2017/SMAPP_ALL_MEMBERS/Documentation/Collection_Charts': Waiting for transfers to finish
2018/04/06 14:34:15 
Transferred:   51.449 kBytes (29.204 kBytes/s)
Errors:                 0
Checks:                 1
Transferred:            1
Elapsed time:        1.7s
2018/04/06 14:34:17 Google drive root 'SMaPP_2017/SMAPP_ALL_MEMBERS/Documentation/Collection_Charts': Waiting for checks to finish
2018/04/06 14:34:17 Google drive root 'SMaPP_2017/SMAPP_ALL_MEMBERS/Documentation/Collection_Charts': Waiting for transfers to finish
2018/04/06 14:34:17 
Transferred:   54.803 kBytes (32.577 kBytes/s)
Errors:                 0
Checks:                 1
Transferred:            1
Elapsed time:        1.6s
2018/04/06 14:34:19 Google drive root 'SMaPP_2017/SMAPP_ALL_MEMBERS/Documentation/Collection_Charts': Waiting for checks to finish
2018/04/06 14:34:19 Google drive root 'SMaPP_2017/SMAPP_ALL_MEMBERS/Documentation/Collection_Charts': Waiting for transfers to finish
2018/04/06 14:34:20 
Transferred:   56.768 kBytes (29.909 kBytes/s)
Errors:                 0
Checks:                 1
Transferred:            1
Elapsed time:        1.8s
2018/04/06 14:34:22 Google drive root 'SMaPP_2017/SMAPP_ALL_MEMBERS/Documentation/Collection_Charts': Waiting for checks to finish
2018/04/06 14:34:22 Google drive root 'SMaPP_2017/SMAPP_ALL_MEMBERS/Documentation/Collection_Charts': Waiting for transfers to finish
2018/04/06 14:34:22 
Transferred:   52.457 kBytes (27.186 kBytes/s)
Errors:                 0
Checks:                 1
Transferred:            1
Elapsed time:        1.9s
2018/04/06 14:34:24 Google drive root 'SMaPP_2017/SMAPP_ALL_MEMBERS/Documentation/Collection_Charts': Waiting for checks to finish
2018/04/06 14:34:24 Google drive root 'SMaPP_2017/SMAPP_ALL_MEMBERS/Documentation/Collection_Charts': Waiting for transfers to finish
2018/04/06 14:34:24 
Transferred:      0 Bytes (0 Bytes/s)
Errors:                 0
Checks:                 1
Transferred:            0
Elapsed time:        1.5s
2018/04/06 14:34:30 Google drive root 'SMaPP_2017/SMAPP_ALL_MEMBERS/Documentation/Collection_Charts': Waiting for checks to finish
2018/04/06 14:34:30 Google drive root 'SMaPP_2017/SMAPP_ALL_MEMBERS/Documentation/Collection_Charts': Waiting for transfers to finish
2018/04/06 14:34:31 
Transferred:   55.830 kBytes (10.166 kBytes/s)
Errors:                 0
Checks:                 1
Transferred:            1
Elapsed time:        5.4s
2018/04/06 14:34:32 Google drive root 'SMaPP_2017/SMAPP_ALL_MEMBERS/Documentation/Collection_Charts': Waiting for checks to finish
2018/04/06 14:34:32 Google drive root 'SMaPP_2017/SMAPP_ALL_MEMBERS/Documentation/Collection_Charts': Waiting for transfers to finish
2018/04/06 14:34:33 
Transferred:   54.888 kBytes (31.899 kBytes/s)
Errors:                 0
Checks:                 1
Transferred:            1
Elapsed time:        1.7s
2018/04/06 14:34:34 Google drive root 'SMaPP_2017/SMAPP_ALL_MEMBERS/Documentation/Collection_Charts': Waiting for checks to finish
2018/04/06 14:34:34 Google drive root 'SMaPP_2017/SMAPP_ALL_MEMBERS/Documentation/Collection_Charts': Waiting for transfers to finish
2018/04/06 14:34:35 
Transferred:   46.523 kBytes (27.760 kBytes/s)
Errors:                 0
Checks:                 1
Transferred:            1
Elapsed time:        1.6s
2018/04/06 14:34:41 Google drive root 'SMaPP_2017/SMAPP_ALL_MEMBERS/Documentation/Collection_Charts': Waiting for checks to finish
2018/04/06 14:34:41 Google drive root 'SMaPP_2017/SMAPP_ALL_MEMBERS/Documentation/Collection_Charts': Waiting for transfers to finish
2018/04/06 14:34:42 
Transferred:   35.187 kBytes (5.823 kBytes/s)
Errors:                 0
Checks:                 1
Transferred:            1
Elapsed time:          6s
2018/04/06 14:34:43 Google drive root 'SMaPP_2017/SMAPP_ALL_MEMBERS/Documentation/Collection_Charts': Waiting for checks to finish
2018/04/06 14:34:44 Google drive root 'SMaPP_2017/SMAPP_ALL_MEMBERS/Documentation/Collection_Charts': Waiting for transfers to finish
2018/04/06 14:34:44 
Transferred:      0 Bytes (0 Bytes/s)
Errors:                 0
Checks:                 1
Transferred:            0
Elapsed time:        1.6s
2018/04/06 14:34:53 Google drive root 'SMaPP_2017/SMAPP_ALL_MEMBERS/Documentation/Collection_Charts': Waiting for checks to finish
2018/04/06 14:34:53 Google drive root 'SMaPP_2017/SMAPP_ALL_MEMBERS/Documentation/Collection_Charts': Waiting for transfers to finish
2018/04/06 14:34:54 
Transferred:   49.622 kBytes (5.089 kBytes/s)
Errors:                 0
Checks:                 1
Transferred:            1
Elapsed time:        9.7s
2018/04/06 14:34:56 Google drive root 'SMaPP_2017/SMAPP_ALL_MEMBERS/Documentation/Collection_Charts': Waiting for checks to finish
2018/04/06 14:34:56 Google drive root 'SMaPP_2017/SMAPP_ALL_MEMBERS/Documentation/Collection_Charts': Waiting for transfers to finish
2018/04/06 14:34:56 
Transferred:   51.745 kBytes (29.903 kBytes/s)
Errors:                 0
Checks:                 1
Transferred:            1
Elapsed time:        1.7s
2018/04/06 14:34:58 Google drive root 'SMaPP_2017/SMAPP_ALL_MEMBERS/Documentation/Collection_Charts': Waiting for checks to finish
2018/04/06 14:34:58 Google drive root 'SMaPP_2017/SMAPP_ALL_MEMBERS/Documentation/Collection_Charts': Waiting for transfers to finish
2018/04/06 14:34:59 
Transferred:   52.401 kBytes (30.510 kBytes/s)
Errors:                 0
Checks:                 1
Transferred:            1
Elapsed time:        1.7s
2018/04/06 14:35:00 Google drive root 'SMaPP_2017/SMAPP_ALL_MEMBERS/Documentation/Collection_Charts': Waiting for checks to finish
2018/04/06 14:35:00 Google drive root 'SMaPP_2017/SMAPP_ALL_MEMBERS/Documentation/Collection_Charts': Waiting for transfers to finish
2018/04/06 14:35:01 
Transferred:   51.700 kBytes (28.664 kBytes/s)
Errors:                 0
Checks:                 1
Transferred:            1
Elapsed time:        1.8s
2018/04/06 14:35:03 Google drive root 'SMaPP_2017/SMAPP_ALL_MEMBERS/Documentation/Collection_Charts': Waiting for checks to finish
2018/04/06 14:35:03 Google drive root 'SMaPP_2017/SMAPP_ALL_MEMBERS/Documentation/Collection_Charts': Waiting for transfers to finish
2018/04/06 14:35:03 
Transferred:   49.466 kBytes (27.042 kBytes/s)
Errors:                 0
Checks:                 1
Transferred:            1
Elapsed time:        1.8s
2018/04/06 14:35:13 Google drive root 'SMaPP_2017/SMAPP_ALL_MEMBERS/Documentation/Collection_Charts': Waiting for checks to finish
2018/04/06 14:35:13 Google drive root 'SMaPP_2017/SMAPP_ALL_MEMBERS/Documentation/Collection_Charts': Waiting for transfers to finish
2018/04/06 14:35:13 
Transferred:      0 Bytes (0 Bytes/s)
Errors:                 0
Checks:                 1
Transferred:            0
Elapsed time:        9.3s
2018/04/06 14:35:15 Google drive root 'SMaPP_2017/SMAPP_ALL_MEMBERS/Documentation/Collection_Charts': Waiting for checks to finish
2018/04/06 14:35:15 Google drive root 'SMaPP_2017/SMAPP_ALL_MEMBERS/Documentation/Collection_Charts': Waiting for transfers to finish
2018/04/06 14:35:16 
Transferred:   55.307 kBytes (33.277 kBytes/s)
Errors:                 0
Checks:                 1
Transferred:            1
Elapsed time:        1.6s
2018/04/06 14:35:23 Google drive root 'SMaPP_2017/SMAPP_ALL_MEMBERS/Documentation/Collection_Charts': Waiting for checks to finish
2018/04/06 14:35:23 Google drive root 'SMaPP_2017/SMAPP_ALL_MEMBERS/Documentation/Collection_Charts': Waiting for transfers to finish
2018/04/06 14:35:24 
Transferred:   43.277 kBytes (6.068 kBytes/s)
Errors:                 0
Checks:                 1
Transferred:            1
Elapsed time:        7.1s
2018/04/06 14:35:34 Google drive root 'SMaPP_2017/SMAPP_ALL_MEMBERS/Documentation/Collection_Charts': Waiting for checks to finish
2018/04/06 14:35:34 Google drive root 'SMaPP_2017/SMAPP_ALL_MEMBERS/Documentation/Collection_Charts': Waiting for transfers to finish
2018/04/06 14:35:34 
Transferred:   59.328 kBytes (6.021 kBytes/s)
Errors:                 0
Checks:                 1
Transferred:            1
Elapsed time:        9.8s
2018/04/06 14:35:40 Google drive root 'SMaPP_2017/SMAPP_ALL_MEMBERS/Documentation/Collection_Charts': Waiting for checks to finish
2018/04/06 14:35:40 Google drive root 'SMaPP_2017/SMAPP_ALL_MEMBERS/Documentation/Collection_Charts': Waiting for transfers to finish
2018/04/06 14:35:40 
Transferred:   60.293 kBytes (10.728 kBytes/s)
Errors:                 0
Checks:                 1
Transferred:            1
Elapsed time:        5.6s
2018/04/06 14:35:42 Google drive root 'SMaPP_2017/SMAPP_ALL_MEMBERS/Documentation/Collection_Charts': Waiting for checks to finish
2018/04/06 14:35:42 Google drive root 'SMaPP_2017/SMAPP_ALL_MEMBERS/Documentation/Collection_Charts': Waiting for transfers to finish
2018/04/06 14:35:43 
Transferred:   37.892 kBytes (21.066 kBytes/s)
Errors:                 0
Checks:                 1
Transferred:            1
Elapsed time:        1.7s
2018/04/06 14:35:44 Google drive root 'SMaPP_2017/SMAPP_ALL_MEMBERS/Documentation/Collection_Charts': Waiting for checks to finish
2018/04/06 14:35:44 Google drive root 'SMaPP_2017/SMAPP_ALL_MEMBERS/Documentation/Collection_Charts': Waiting for transfers to finish
2018/04/06 14:35:49 
Transferred:   143.297 kBytes (24.345 kBytes/s)
Errors:                 0
Checks:                 1
Transferred:            1
Elapsed time:        5.8s
2018/04/06 14:35:51 Google drive root 'SMaPP_2017/SMAPP_ALL_MEMBERS/Documentation/Collection_Charts': Waiting for checks to finish
2018/04/06 14:35:51 Google drive root 'SMaPP_2017/SMAPP_ALL_MEMBERS/Documentation/Collection_Charts': Waiting for transfers to finish
2018/04/06 14:35:51 
Transferred:   36.506 kBytes (20.139 kBytes/s)
Errors:                 0
Checks:                 1
Transferred:            1
Elapsed time:        1.8s
2018/04/06 14:35:53 Google drive root 'SMaPP_2017/SMAPP_ALL_MEMBERS/Documentation/Collection_Charts': Waiting for checks to finish
2018/04/06 14:35:53 Google drive root 'SMaPP_2017/SMAPP_ALL_MEMBERS/Documentation/Collection_Charts': Waiting for transfers to finish
2018/04/06 14:35:54 
Transferred:   36.529 kBytes (21.265 kBytes/s)
Errors:                 0
Checks:                 1
Transferred:            1
Elapsed time:        1.7s
2018/04/06 14:35:55 Google drive root 'SMaPP_2017/SMAPP_ALL_MEMBERS/Documentation/Collection_Charts': Waiting for checks to finish
2018/04/06 14:35:55 Google drive root 'SMaPP_2017/SMAPP_ALL_MEMBERS/Documentation/Collection_Charts': Waiting for transfers to finish
2018/04/06 14:35:56 
Transferred:   37.812 kBytes (18.536 kBytes/s)
Errors:                 0
Checks:                 1
Transferred:            1
Elapsed time:          2s
2018/04/06 14:35:58 Google drive root 'SMaPP_2017/SMAPP_ALL_MEMBERS/Documentation/Collection_Charts': Waiting for checks to finish
2018/04/06 14:35:58 Google drive root 'SMaPP_2017/SMAPP_ALL_MEMBERS/Documentation/Collection_Charts': Waiting for transfers to finish
2018/04/06 14:35:58 
Transferred:   38.643 kBytes (22.091 kBytes/s)
Errors:                 0
Checks:                 1
Transferred:            1
Elapsed time:        1.7s
2018/04/06 14:36:00 Google drive root 'SMaPP_2017/SMAPP_ALL_MEMBERS/Documentation/Collection_Charts': Waiting for checks to finish
2018/04/06 14:36:00 Google drive root 'SMaPP_2017/SMAPP_ALL_MEMBERS/Documentation/Collection_Charts': Waiting for transfers to finish
2018/04/06 14:36:01 
Transferred:   38.972 kBytes (22.532 kBytes/s)
Errors:                 0
Checks:                 1
Transferred:            1
Elapsed time:        1.7s
2018/04/06 14:36:02 Google drive root 'SMaPP_2017/SMAPP_ALL_MEMBERS/Documentation/Collection_Charts': Waiting for checks to finish
2018/04/06 14:36:02 Google drive root 'SMaPP_2017/SMAPP_ALL_MEMBERS/Documentation/Collection_Charts': Waiting for transfers to finish
2018/04/06 14:36:03 
Transferred:   36.986 kBytes (20.090 kBytes/s)
Errors:                 0
Checks:                 1
Transferred:            1
Elapsed time:        1.8s
2018/04/06 14:36:05 Google drive root 'SMaPP_2017/SMAPP_ALL_MEMBERS/Documentation/Collection_Charts': Waiting for checks to finish
2018/04/06 14:36:05 Google drive root 'SMaPP_2017/SMAPP_ALL_MEMBERS/Documentation/Collection_Charts': Waiting for transfers to finish
2018/04/06 14:36:05 
Transferred:   36.274 kBytes (20.406 kBytes/s)
Errors:                 0
Checks:                 1
Transferred:            1
Elapsed time:        1.7s
2018/04/06 14:36:11 Google drive root 'SMaPP_2017/SMAPP_ALL_MEMBERS/Documentation/Collection_Charts': Waiting for checks to finish
2018/04/06 14:36:11 Google drive root 'SMaPP_2017/SMAPP_ALL_MEMBERS/Documentation/Collection_Charts': Waiting for transfers to finish
2018/04/06 14:36:11 
Transferred:   35.488 kBytes (6.408 kBytes/s)
Errors:                 0
Checks:                 1
Transferred:            1
Elapsed time:        5.5s
2018/04/06 14:36:13 Google drive root 'SMaPP_2017/SMAPP_ALL_MEMBERS/Documentation/Collection_Charts': Waiting for checks to finish
2018/04/06 14:36:13 Google drive root 'SMaPP_2017/SMAPP_ALL_MEMBERS/Documentation/Collection_Charts': Waiting for transfers to finish
2018/04/06 14:36:14 
Transferred:   37.857 kBytes (22.890 kBytes/s)
Errors:                 0
Checks:                 1
Transferred:            1
Elapsed time:        1.6s
2018/04/06 14:36:15 Google drive root 'SMaPP_2017/SMAPP_ALL_MEMBERS/Documentation/Collection_Charts': Waiting for checks to finish
2018/04/06 14:36:15 Google drive root 'SMaPP_2017/SMAPP_ALL_MEMBERS/Documentation/Collection_Charts': Waiting for transfers to finish
2018/04/06 14:36:16 
Transferred:   35.160 kBytes (18.816 kBytes/s)
Errors:                 0
Checks:                 1
Transferred:            1
Elapsed time:        1.8s
2018/04/06 14:36:18 Google drive root 'SMaPP_2017/SMAPP_ALL_MEMBERS/Documentation/Collection_Charts': Waiting for checks to finish
2018/04/06 14:36:18 Google drive root 'SMaPP_2017/SMAPP_ALL_MEMBERS/Documentation/Collection_Charts': Waiting for transfers to finish
2018/04/06 14:36:18 
Transferred:   40.428 kBytes (24.928 kBytes/s)
Errors:                 0
Checks:                 1
Transferred:            1
Elapsed time:        1.6s
2018/04/06 14:36:20 Google drive root 'SMaPP_2017/SMAPP_ALL_MEMBERS/Documentation/Collection_Charts': Waiting for checks to finish
2018/04/06 14:36:20 Google drive root 'SMaPP_2017/SMAPP_ALL_MEMBERS/Documentation/Collection_Charts': Waiting for transfers to finish
2018/04/06 14:36:20 
Transferred:   34.577 kBytes (19.666 kBytes/s)
Errors:                 0
Checks:                 1
Transferred:            1
Elapsed time:        1.7s
2018/04/06 14:36:22 Google drive root 'SMaPP_2017/SMAPP_ALL_MEMBERS/Documentation/Collection_Charts': Waiting for checks to finish
2018/04/06 14:36:22 Google drive root 'SMaPP_2017/SMAPP_ALL_MEMBERS/Documentation/Collection_Charts': Waiting for transfers to finish
2018/04/06 14:36:23 
Transferred:   38.777 kBytes (23.553 kBytes/s)
Errors:                 0
Checks:                 1
Transferred:            1
Elapsed time:        1.6s
2018/04/06 14:36:33 Google drive root 'SMaPP_2017/SMAPP_ALL_MEMBERS/Documentation/Collection_Charts': Waiting for checks to finish
2018/04/06 14:36:33 Google drive root 'SMaPP_2017/SMAPP_ALL_MEMBERS/Documentation/Collection_Charts': Waiting for transfers to finish
2018/04/06 14:36:34 
Transferred:   38.115 kBytes (3.753 kBytes/s)
Errors:                 0
Checks:                 1
Transferred:            1
Elapsed time:       10.1s
2018/04/06 14:36:35 Google drive root 'SMaPP_2017/SMAPP_ALL_MEMBERS/Documentation/Collection_Charts': Waiting for checks to finish
2018/04/06 14:36:35 Google drive root 'SMaPP_2017/SMAPP_ALL_MEMBERS/Documentation/Collection_Charts': Waiting for transfers to finish
2018/04/06 14:36:38 
Transferred:   115.767 kBytes (33.809 kBytes/s)
Errors:                 0
Checks:                 1
Transferred:            1
Elapsed time:        3.4s
2018/04/06 14:36:39 Google drive root 'SMaPP_2017/SMAPP_ALL_MEMBERS/Documentation/Collection_Charts': Waiting for checks to finish
2018/04/06 14:36:39 Google drive root 'SMaPP_2017/SMAPP_ALL_MEMBERS/Documentation/Collection_Charts': Waiting for transfers to finish
2018/04/06 14:36:40 
Transferred:   40.562 kBytes (24.248 kBytes/s)
Errors:                 0
Checks:                 1
Transferred:            1
Elapsed time:        1.6s
2018/04/06 14:36:42 Google drive root 'SMaPP_2017/SMAPP_ALL_MEMBERS/Documentation/Collection_Charts': Waiting for checks to finish
2018/04/06 14:36:42 Google drive root 'SMaPP_2017/SMAPP_ALL_MEMBERS/Documentation/Collection_Charts': Waiting for transfers to finish
2018/04/06 14:36:42 
Transferred:   36.583 kBytes (21.408 kBytes/s)
Errors:                 0
Checks:                 1
Transferred:            1
Elapsed time:        1.7s
2018/04/06 14:36:44 Google drive root 'SMaPP_2017/SMAPP_ALL_MEMBERS/Documentation/Collection_Charts': Waiting for checks to finish
2018/04/06 14:36:44 Google drive root 'SMaPP_2017/SMAPP_ALL_MEMBERS/Documentation/Collection_Charts': Waiting for transfers to finish
2018/04/06 14:36:45 
Transferred:   34.763 kBytes (20.229 kBytes/s)
Errors:                 0
Checks:                 1
Transferred:            1
Elapsed time:        1.7s
2018/04/06 14:36:50 Google drive root 'SMaPP_2017/SMAPP_ALL_MEMBERS/Documentation/Collection_Charts': Waiting for checks to finish
2018/04/06 14:36:50 Google drive root 'SMaPP_2017/SMAPP_ALL_MEMBERS/Documentation/Collection_Charts': Waiting for transfers to finish
2018/04/06 14:36:51 
Transferred:   40.950 kBytes (7.216 kBytes/s)
Errors:                 0
Checks:                 1
Transferred:            1
Elapsed time:        5.6s
2018/04/06 14:36:52 Google drive root 'SMaPP_2017/SMAPP_ALL_MEMBERS/Documentation/Collection_Charts': Waiting for checks to finish
2018/04/06 14:36:52 Google drive root 'SMaPP_2017/SMAPP_ALL_MEMBERS/Documentation/Collection_Charts': Waiting for transfers to finish
2018/04/06 14:36:53 
Transferred:   35.213 kBytes (20.210 kBytes/s)
Errors:                 0
Checks:                 1
Transferred:            1
Elapsed time:        1.7s
2018/04/06 14:36:55 Google drive root 'SMaPP_2017/SMAPP_ALL_MEMBERS/Documentation/Collection_Charts': Waiting for checks to finish
2018/04/06 14:36:55 Google drive root 'SMaPP_2017/SMAPP_ALL_MEMBERS/Documentation/Collection_Charts': Waiting for transfers to finish
2018/04/06 14:36:55 
Transferred:   37.593 kBytes (23.026 kBytes/s)
Errors:                 0
Checks:                 1
Transferred:            1
Elapsed time:        1.6s
2018/04/06 14:36:57 Google drive root 'SMaPP_2017/SMAPP_ALL_MEMBERS/Documentation/Collection_Charts': Waiting for checks to finish
2018/04/06 14:36:57 Google drive root 'SMaPP_2017/SMAPP_ALL_MEMBERS/Documentation/Collection_Charts': Waiting for transfers to finish
2018/04/06 14:36:58 
Transferred:   36.097 kBytes (18.340 kBytes/s)
Errors:                 0
Checks:                 1
Transferred:            1
Elapsed time:        1.9s
2018/04/06 14:36:59 Google drive root 'SMaPP_2017/SMAPP_ALL_MEMBERS/Documentation/Collection_Charts': Waiting for checks to finish
2018/04/06 14:36:59 Google drive root 'SMaPP_2017/SMAPP_ALL_MEMBERS/Documentation/Collection_Charts': Waiting for transfers to finish
2018/04/06 14:37:00 
Transferred:   34.978 kBytes (17.232 kBytes/s)
Errors:                 0
Checks:                 1
Transferred:            1
Elapsed time:          2s
2018/04/06 14:37:02 Google drive root 'SMaPP_2017/SMAPP_ALL_MEMBERS/Documentation/Collection_Charts': Waiting for checks to finish
2018/04/06 14:37:02 Google drive root 'SMaPP_2017/SMAPP_ALL_MEMBERS/Documentation/Collection_Charts': Waiting for transfers to finish
2018/04/06 14:37:03 
Transferred:   37.628 kBytes (18.854 kBytes/s)
Errors:                 0
Checks:                 1
Transferred:            1
Elapsed time:        1.9s
2018/04/06 14:37:12 Google drive root 'SMaPP_2017/SMAPP_ALL_MEMBERS/Documentation/Collection_Charts': Waiting for checks to finish
2018/04/06 14:37:12 Google drive root 'SMaPP_2017/SMAPP_ALL_MEMBERS/Documentation/Collection_Charts': Waiting for transfers to finish
2018/04/06 14:37:13 
Transferred:   35.817 kBytes (3.599 kBytes/s)
Errors:                 0
Checks:                 1
Transferred:            1
Elapsed time:        9.9s
2018/04/06 14:37:15 Google drive root 'SMaPP_2017/SMAPP_ALL_MEMBERS/Documentation/Collection_Charts': Waiting for checks to finish
2018/04/06 14:37:15 Google drive root 'SMaPP_2017/SMAPP_ALL_MEMBERS/Documentation/Collection_Charts': Waiting for transfers to finish
2018/04/06 14:37:16 
Transferred:   39.431 kBytes (20.190 kBytes/s)
Errors:                 0
Checks:                 1
Transferred:            1
Elapsed time:        1.9s
2018/04/06 14:37:21 Google drive root 'SMaPP_2017/SMAPP_ALL_MEMBERS/Documentation/Collection_Charts': Waiting for checks to finish
2018/04/06 14:37:21 Google drive root 'SMaPP_2017/SMAPP_ALL_MEMBERS/Documentation/Collection_Charts': Waiting for transfers to finish
2018/04/06 14:37:22 
Transferred:   32.881 kBytes (5.895 kBytes/s)
Errors:                 0
Checks:                 1
Transferred:            1
Elapsed time:        5.5s
2018/04/06 14:37:24 Google drive root 'SMaPP_2017/SMAPP_ALL_MEMBERS/Documentation/Collection_Charts': Waiting for checks to finish
2018/04/06 14:37:24 Google drive root 'SMaPP_2017/SMAPP_ALL_MEMBERS/Documentation/Collection_Charts': Waiting for transfers to finish
2018/04/06 14:37:24 
Transferred:   40.417 kBytes (22.427 kBytes/s)
Errors:                 0
Checks:                 1
Transferred:            1
Elapsed time:        1.8s
2018/04/06 14:37:30 Google drive root 'SMaPP_2017/SMAPP_ALL_MEMBERS/Documentation/Collection_Charts': Waiting for checks to finish
2018/04/06 14:37:30 Google drive root 'SMaPP_2017/SMAPP_ALL_MEMBERS/Documentation/Collection_Charts': Waiting for transfers to finish
2018/04/06 14:37:30 
Transferred:   33.817 kBytes (6.060 kBytes/s)
Errors:                 0
Checks:                 1
Transferred:            1
Elapsed time:        5.5s
2018/04/06 14:37:32 Google drive root 'SMaPP_2017/SMAPP_ALL_MEMBERS/Documentation/Collection_Charts': Waiting for checks to finish
2018/04/06 14:37:32 Google drive root 'SMaPP_2017/SMAPP_ALL_MEMBERS/Documentation/Collection_Charts': Waiting for transfers to finish
2018/04/06 14:37:32 
Transferred:   36.402 kBytes (22.176 kBytes/s)
Errors:                 0
Checks:                 1
Transferred:            1
Elapsed time:        1.6s
2018/04/06 14:37:34 Google drive root 'SMaPP_2017/SMAPP_ALL_MEMBERS/Documentation/Collection_Charts': Waiting for checks to finish
2018/04/06 14:37:34 Google drive root 'SMaPP_2017/SMAPP_ALL_MEMBERS/Documentation/Collection_Charts': Waiting for transfers to finish
2018/04/06 14:37:35 
Transferred:   40.404 kBytes (22.435 kBytes/s)
Errors:                 0
Checks:                 1
Transferred:            1
Elapsed time:        1.8s
2018/04/06 14:37:40 Google drive root 'SMaPP_2017/SMAPP_ALL_MEMBERS/Documentation/Collection_Charts': Waiting for checks to finish
2018/04/06 14:37:40 Google drive root 'SMaPP_2017/SMAPP_ALL_MEMBERS/Documentation/Collection_Charts': Waiting for transfers to finish
2018/04/06 14:37:41 
Transferred:   37.625 kBytes (6.911 kBytes/s)
Errors:                 0
Checks:                 1
Transferred:            1
Elapsed time:        5.4s
2018/04/06 14:37:42 Google drive root 'SMaPP_2017/SMAPP_ALL_MEMBERS/Documentation/Collection_Charts': Waiting for checks to finish
2018/04/06 14:37:42 Google drive root 'SMaPP_2017/SMAPP_ALL_MEMBERS/Documentation/Collection_Charts': Waiting for transfers to finish
2018/04/06 14:37:43 
Transferred:   37.433 kBytes (20.942 kBytes/s)
Errors:                 0
Checks:                 1
Transferred:            1
Elapsed time:        1.7s
2018/04/06 14:37:49 Google drive root 'SMaPP_2017/SMAPP_ALL_MEMBERS/Documentation/Collection_Charts': Waiting for checks to finish
2018/04/06 14:37:49 Google drive root 'SMaPP_2017/SMAPP_ALL_MEMBERS/Documentation/Collection_Charts': Waiting for transfers to finish
2018/04/06 14:37:54 
Transferred:   41.756 kBytes (4.220 kBytes/s)
Errors:                 0
Checks:                 1
Transferred:            1
Elapsed time:        9.8s
2018/04/06 14:37:55 Google drive root 'SMaPP_2017/SMAPP_ALL_MEMBERS/Documentation/Collection_Charts': Waiting for checks to finish
2018/04/06 14:37:55 Google drive root 'SMaPP_2017/SMAPP_ALL_MEMBERS/Documentation/Collection_Charts': Waiting for transfers to finish
2018/04/06 14:37:56 
Transferred:   39.252 kBytes (19.670 kBytes/s)
Errors:                 0
Checks:                 1
Transferred:            1
Elapsed time:        1.9s
2018/04/06 14:37:58 Google drive root 'SMaPP_2017/SMAPP_ALL_MEMBERS/Documentation/Collection_Charts': Waiting for checks to finish
2018/04/06 14:37:58 Google drive root 'SMaPP_2017/SMAPP_ALL_MEMBERS/Documentation/Collection_Charts': Waiting for transfers to finish
2018/04/06 14:37:58 
Transferred:   35.596 kBytes (19.233 kBytes/s)
Errors:                 0
Checks:                 1
Transferred:            1
Elapsed time:        1.8s
2018/04/06 14:38:00 Google drive root 'SMaPP_2017/SMAPP_ALL_MEMBERS/Documentation/Collection_Charts': Waiting for checks to finish
2018/04/06 14:38:00 Google drive root 'SMaPP_2017/SMAPP_ALL_MEMBERS/Documentation/Collection_Charts': Waiting for transfers to finish
2018/04/06 14:38:01 
Transferred:   37.980 kBytes (22.267 kBytes/s)
Errors:                 0
Checks:                 1
Transferred:            1
Elapsed time:        1.7s
2018/04/06 14:38:04 Google drive root 'SMaPP_2017/SMAPP_ALL_MEMBERS/Documentation/Collection_Charts': Waiting for checks to finish
2018/04/06 14:38:04 Google drive root 'SMaPP_2017/SMAPP_ALL_MEMBERS/Documentation/Collection_Charts': Waiting for transfers to finish
2018/04/06 14:38:04 
Transferred:   37.200 kBytes (12.178 kBytes/s)
Errors:                 0
Checks:                 1
Transferred:            1
Elapsed time:          3s
2018/04/06 14:38:14 Google drive root 'SMaPP_2017/SMAPP_ALL_MEMBERS/Documentation/Collection_Charts': Waiting for checks to finish
2018/04/06 14:38:14 Google drive root 'SMaPP_2017/SMAPP_ALL_MEMBERS/Documentation/Collection_Charts': Waiting for transfers to finish
2018/04/06 14:38:14 
Transferred:   36.445 kBytes (3.771 kBytes/s)
Errors:                 0
Checks:                 1
Transferred:            1
Elapsed time:        9.6s
2018/04/06 14:38:16 Google drive root 'SMaPP_2017/SMAPP_ALL_MEMBERS/Documentation/Collection_Charts': Waiting for checks to finish
2018/04/06 14:38:16 Google drive root 'SMaPP_2017/SMAPP_ALL_MEMBERS/Documentation/Collection_Charts': Waiting for transfers to finish
2018/04/06 14:38:17 
Transferred:   38.769 kBytes (21.460 kBytes/s)
Errors:                 0
Checks:                 1
Transferred:            1
Elapsed time:        1.8s
2018/04/06 14:38:18 Google drive root 'SMaPP_2017/SMAPP_ALL_MEMBERS/Documentation/Collection_Charts': Waiting for checks to finish
2018/04/06 14:38:18 Google drive root 'SMaPP_2017/SMAPP_ALL_MEMBERS/Documentation/Collection_Charts': Waiting for transfers to finish
2018/04/06 14:38:19 
Transferred:   39.195 kBytes (24.908 kBytes/s)
Errors:                 0
Checks:                 1
Transferred:            1
Elapsed time:        1.5s
2018/04/06 14:38:21 Google drive root 'SMaPP_2017/SMAPP_ALL_MEMBERS/Documentation/Collection_Charts': Waiting for checks to finish
2018/04/06 14:38:21 Google drive root 'SMaPP_2017/SMAPP_ALL_MEMBERS/Documentation/Collection_Charts': Waiting for transfers to finish
2018/04/06 14:38:21 
Transferred:   36.415 kBytes (21.752 kBytes/s)
Errors:                 0
Checks:                 1
Transferred:            1
Elapsed time:        1.6s
2018/04/06 14:38:23 Google drive root 'SMaPP_2017/SMAPP_ALL_MEMBERS/Documentation/Collection_Charts': Waiting for checks to finish
2018/04/06 14:38:23 Google drive root 'SMaPP_2017/SMAPP_ALL_MEMBERS/Documentation/Collection_Charts': Waiting for transfers to finish
2018/04/06 14:38:23 
Transferred:   31.165 kBytes (17.730 kBytes/s)
Errors:                 0
Checks:                 1
Transferred:            1
Elapsed time:        1.7s
2018/04/06 14:38:33 Google drive root 'SMaPP_2017/SMAPP_ALL_MEMBERS/Documentation/Collection_Charts': Waiting for checks to finish
2018/04/06 14:38:33 Google drive root 'SMaPP_2017/SMAPP_ALL_MEMBERS/Documentation/Collection_Charts': Waiting for transfers to finish
2018/04/06 14:38:34 
Transferred:   38.519 kBytes (3.891 kBytes/s)
Errors:                 0
Checks:                 1
Transferred:            1
Elapsed time:        9.8s
2018/04/06 14:38:50 Google drive root 'SMaPP_2017/SMAPP_ALL_MEMBERS/Documentation/Collection_Charts': Waiting for checks to finish
2018/04/06 14:38:50 Google drive root 'SMaPP_2017/SMAPP_ALL_MEMBERS/Documentation/Collection_Charts': Waiting for transfers to finish
2018/04/06 14:38:51 
Transferred:   39.573 kBytes (2.360 kBytes/s)
Errors:                 0
Checks:                 1
Transferred:            1
Elapsed time:       16.7s
2018/04/06 14:38:53 Google drive root 'SMaPP_2017/SMAPP_ALL_MEMBERS/Documentation/Collection_Charts': Waiting for checks to finish
2018/04/06 14:38:53 Google drive root 'SMaPP_2017/SMAPP_ALL_MEMBERS/Documentation/Collection_Charts': Waiting for transfers to finish
2018/04/06 14:38:53 
Transferred:   36.688 kBytes (20.855 kBytes/s)
Errors:                 0
Checks:                 1
Transferred:            1
Elapsed time:        1.7s
2018/04/06 14:38:55 Google drive root 'SMaPP_2017/SMAPP_ALL_MEMBERS/Documentation/Collection_Charts': Waiting for checks to finish
2018/04/06 14:38:55 Google drive root 'SMaPP_2017/SMAPP_ALL_MEMBERS/Documentation/Collection_Charts': Waiting for transfers to finish
2018/04/06 14:38:56 
Transferred:   37.688 kBytes (21.747 kBytes/s)
Errors:                 0
Checks:                 1
Transferred:            1
Elapsed time:        1.7s
2018/04/06 14:38:57 Google drive root 'SMaPP_2017/SMAPP_ALL_MEMBERS/Documentation/Collection_Charts': Waiting for checks to finish
2018/04/06 14:38:57 Google drive root 'SMaPP_2017/SMAPP_ALL_MEMBERS/Documentation/Collection_Charts': Waiting for transfers to finish
2018/04/06 14:38:58 
Transferred:   36.843 kBytes (19.586 kBytes/s)
Errors:                 0
Checks:                 1
Transferred:            1
Elapsed time:        1.8s
2018/04/06 14:39:00 Google drive root 'SMaPP_2017/SMAPP_ALL_MEMBERS/Documentation/Collection_Charts': Waiting for checks to finish
2018/04/06 14:39:00 Google drive root 'SMaPP_2017/SMAPP_ALL_MEMBERS/Documentation/Collection_Charts': Waiting for transfers to finish
2018/04/06 14:39:00 
Transferred:   39.286 kBytes (23.350 kBytes/s)
Errors:                 0
Checks:                 1
Transferred:            1
Elapsed time:        1.6s
2018/04/06 14:39:02 Google drive root 'SMaPP_2017/SMAPP_ALL_MEMBERS/Documentation/Collection_Charts': Waiting for checks to finish
2018/04/06 14:39:02 Google drive root 'SMaPP_2017/SMAPP_ALL_MEMBERS/Documentation/Collection_Charts': Waiting for transfers to finish
2018/04/06 14:39:03 
Transferred:   40.343 kBytes (22.191 kBytes/s)
Errors:                 0
Checks:                 1
Transferred:            1
Elapsed time:        1.8s
/home/nhb228/anaconda3/lib/python3.6/site-packages/matplotlib/pyplot.py:524: RuntimeWarning: More than 20 figures have been opened. Figures created through the pyplot interface (`matplotlib.pyplot.figure`) are retained until explicitly closed and may consume too much memory. (To control this warning, see the rcParam `figure.max_open_warning`).
  max_open_warning, RuntimeWarning)
